\BOOKMARK [0][-]{chapter.1}{\376\377\0001\000\040\000N\000a\000v\000n\000e\000r\000o\000m\000s\000i\000n\000d\000e\000k\000s}{}% 1
\BOOKMARK [1][-]{section.1.1}{\376\377\0001\000.\0001\000\040\000N\000a\000v\000n\000e\000r\000o\000m\000s\000l\000i\000s\000t\000e}{chapter.1}% 2
\BOOKMARK [0][-]{chapter.2}{\376\377\0002\000\040\000H\000i\000e\000r\000a\000r\000k\000i\000s\000k\000\040\000i\000n\000d\000e\000k\000s}{}% 3
\BOOKMARK [1][-]{section.2.1}{\376\377\0002\000.\0001\000\040\000K\000l\000a\000s\000s\000e\000h\000i\000e\000r\000a\000r\000k\000i}{chapter.2}% 4
\BOOKMARK [0][-]{chapter.3}{\376\377\0003\000\040\000K\000l\000a\000s\000s\000e\000i\000n\000d\000e\000k\000s}{}% 5
\BOOKMARK [1][-]{section.3.1}{\376\377\0003\000.\0001\000\040\000K\000l\000a\000s\000s\000e\000l\000i\000s\000t\000e}{chapter.3}% 6
\BOOKMARK [0][-]{chapter.4}{\376\377\0004\000\040\000F\000i\000l\000i\000n\000d\000e\000k\000s}{}% 7
\BOOKMARK [1][-]{section.4.1}{\376\377\0004\000.\0001\000\040\000F\000i\000l\000-\000l\000i\000s\000t\000e}{chapter.4}% 8
\BOOKMARK [0][-]{chapter.5}{\376\377\0005\000\040\000N\000a\000v\000n\000e\000r\000o\000m\000s\000d\000o\000k\000u\000m\000e\000n\000t\000a\000s\000j\000o\000n}{}% 9
\BOOKMARK [1][-]{section.5.1}{\376\377\0005\000.\0001\000\040\000P\000a\000c\000k\000a\000g\000e\000\040\000S\000c\000i\000n\000t\000i\000l\000a\000b}{chapter.5}% 10
\BOOKMARK [0][-]{chapter.6}{\376\377\0006\000\040\000K\000l\000a\000s\000s\000e\000d\000o\000k\000u\000m\000e\000n\000t\000a\000s\000j\000o\000n}{}% 11
\BOOKMARK [1][-]{section.6.1}{\376\377\0006\000.\0001\000\040\000S\000c\000i\000n\000t\000i\000l\000a\000b\000.\000B\000e\000a\000k\000e\000r\000\040\000K\000l\000a\000s\000s\000e\000\040\000R\000e\000f\000e\000r\000a\000n\000s\000e}{chapter.6}% 12
\BOOKMARK [2][-]{subsection.6.1.1}{\376\377\0006\000.\0001\000.\0001\000\040\000D\000e\000t\000a\000l\000j\000e\000r\000t\000\040\000b\000e\000s\000k\000r\000i\000v\000e\000l\000s\000e}{section.6.1}% 13
\BOOKMARK [2][-]{subsection.6.1.2}{\376\377\0006\000.\0001\000.\0002\000\040\000M\000e\000d\000l\000e\000m\000s\000d\000a\000t\000a\000-\000d\000o\000k\000u\000m\000e\000n\000t\000a\000s\000j\000o\000n}{section.6.1}% 14
\BOOKMARK [3][-]{subsubsection.6.1.2.1}{\376\377\0006\000.\0001\000.\0002\000.\0001\000\040\000I\000n\000U\000s\000e}{subsection.6.1.2}% 15
\BOOKMARK [3][-]{subsubsection.6.1.2.2}{\376\377\0006\000.\0001\000.\0002\000.\0002\000\040\000M\000a\000n\000u\000f\000a\000c\000t\000u\000r\000e\000r}{subsection.6.1.2}% 16
\BOOKMARK [3][-]{subsubsection.6.1.2.3}{\376\377\0006\000.\0001\000.\0002\000.\0003\000\040\000N\000a\000m\000e}{subsection.6.1.2}% 17
\BOOKMARK [1][-]{section.6.2}{\376\377\0006\000.\0002\000\040\000S\000c\000i\000n\000t\000i\000l\000a\000b\000.\000B\000e\000a\000k\000e\000r\000I\000n\000f\000o\000\040\000K\000l\000a\000s\000s\000e\000\040\000R\000e\000f\000e\000r\000a\000n\000s\000e}{chapter.6}% 18
\BOOKMARK [2][-]{subsection.6.2.1}{\376\377\0006\000.\0002\000.\0001\000\040\000D\000e\000t\000a\000l\000j\000e\000r\000t\000\040\000b\000e\000s\000k\000r\000i\000v\000e\000l\000s\000e}{section.6.2}% 19
\BOOKMARK [2][-]{subsection.6.2.2}{\376\377\0006\000.\0002\000.\0002\000\040\000M\000e\000d\000l\000e\000m\000s\000d\000a\000t\000a\000-\000d\000o\000k\000u\000m\000e\000n\000t\000a\000s\000j\000o\000n}{section.6.2}% 20
\BOOKMARK [3][-]{subsubsection.6.2.2.1}{\376\377\0006\000.\0002\000.\0002\000.\0001\000\040\000B\000e\000a\000k\000e\000r\000N\000a\000m\000e}{subsection.6.2.2}% 21
\BOOKMARK [3][-]{subsubsection.6.2.2.2}{\376\377\0006\000.\0002\000.\0002\000.\0002\000\040\000C\000a\000l\000i\000b\000r\000a\000t\000i\000o\000n\000F\000i\000l\000e}{subsection.6.2.2}% 22
\BOOKMARK [3][-]{subsubsection.6.2.2.3}{\376\377\0006\000.\0002\000.\0002\000.\0003\000\040\000Q\000A\000N\000a\000m\000e}{subsection.6.2.2}% 23
\BOOKMARK [1][-]{section.6.3}{\376\377\0006\000.\0003\000\040\000S\000c\000i\000n\000t\000i\000l\000a\000b\000.\000C\000o\000n\000f\000i\000g\000\040\000K\000l\000a\000s\000s\000e\000\040\000R\000e\000f\000e\000r\000a\000n\000s\000e}{chapter.6}% 24
\BOOKMARK [2][-]{subsection.6.3.1}{\376\377\0006\000.\0003\000.\0001\000\040\000D\000e\000t\000a\000l\000j\000e\000r\000t\000\040\000b\000e\000s\000k\000r\000i\000v\000e\000l\000s\000e}{section.6.3}% 25
\BOOKMARK [2][-]{subsection.6.3.2}{\376\377\0006\000.\0003\000.\0002\000\040\000M\000e\000d\000l\000e\000m\000s\000d\000a\000t\000a\000-\000d\000o\000k\000u\000m\000e\000n\000t\000a\000s\000j\000o\000n}{section.6.3}% 26
\BOOKMARK [3][-]{subsubsection.6.3.2.1}{\376\377\0006\000.\0003\000.\0002\000.\0001\000\040\000A\000r\000c\000h\000i\000v\000e\000D\000i\000r}{subsection.6.3.2}% 27
\BOOKMARK [3][-]{subsubsection.6.3.2.2}{\376\377\0006\000.\0003\000.\0002\000.\0002\000\040\000B\000e\000a\000k\000e\000r\000F\000i\000l\000e}{subsection.6.3.2}% 28
\BOOKMARK [3][-]{subsubsection.6.3.2.3}{\376\377\0006\000.\0003\000.\0002\000.\0003\000\040\000B\000k\000g\000D\000i\000r}{subsection.6.3.2}% 29
\BOOKMARK [3][-]{subsubsection.6.3.2.4}{\376\377\0006\000.\0003\000.\0002\000.\0004\000\040\000C\000a\000l\000D\000i\000r}{subsection.6.3.2}% 30
\BOOKMARK [3][-]{subsubsection.6.3.2.5}{\376\377\0006\000.\0003\000.\0002\000.\0005\000\040\000D\000e\000f\000a\000u\000l\000t\000B\000k\000g\000Q\000A\000F\000F\000i\000l\000e}{subsection.6.3.2}% 31
\BOOKMARK [3][-]{subsubsection.6.3.2.6}{\376\377\0006\000.\0003\000.\0002\000.\0006\000\040\000D\000e\000f\000a\000u\000l\000t\000R\000e\000f\000Q\000A\000F\000F\000i\000l\000e}{subsection.6.3.2}% 32
\BOOKMARK [3][-]{subsubsection.6.3.2.7}{\376\377\0006\000.\0003\000.\0002\000.\0007\000\040\000D\000e\000t\000F\000i\000l\000e}{subsection.6.3.2}% 33
\BOOKMARK [3][-]{subsubsection.6.3.2.8}{\376\377\0006\000.\0003\000.\0002\000.\0008\000\040\000E\000x\000e\000D\000i\000r}{subsection.6.3.2}% 34
\BOOKMARK [3][-]{subsubsection.6.3.2.9}{\376\377\0006\000.\0003\000.\0002\000.\0009\000\040\000J\000o\000b\000D\000i\000r}{subsection.6.3.2}% 35
\BOOKMARK [3][-]{subsubsection.6.3.2.10}{\376\377\0006\000.\0003\000.\0002\000.\0001\0000\000\040\000L\000i\000b\000D\000i\000r}{subsection.6.3.2}% 36
\BOOKMARK [3][-]{subsubsection.6.3.2.11}{\376\377\0006\000.\0003\000.\0002\000.\0001\0001\000\040\000Q\000A\000B\000e\000a\000k\000e\000r\000F\000i\000l\000e}{subsection.6.3.2}% 37
\BOOKMARK [3][-]{subsubsection.6.3.2.12}{\376\377\0006\000.\0003\000.\0002\000.\0001\0002\000\040\000Q\000A\000D\000i\000r}{subsection.6.3.2}% 38
\BOOKMARK [3][-]{subsubsection.6.3.2.13}{\376\377\0006\000.\0003\000.\0002\000.\0001\0003\000\040\000S\000c\000i\000n\000t\000i\000l\000a\000b\000D\000i\000r}{subsection.6.3.2}% 39
\BOOKMARK [3][-]{subsubsection.6.3.2.14}{\376\377\0006\000.\0003\000.\0002\000.\0001\0004\000\040\000S\000y\000s\000F\000i\000l\000e}{subsection.6.3.2}% 40
\BOOKMARK [3][-]{subsubsection.6.3.2.15}{\376\377\0006\000.\0003\000.\0002\000.\0001\0005\000\040\000T\000e\000m\000p\000D\000i\000r}{subsection.6.3.2}% 41
\BOOKMARK [3][-]{subsubsection.6.3.2.16}{\376\377\0006\000.\0003\000.\0002\000.\0001\0006\000\040\000T\000e\000m\000p\000l\000a\000t\000e\000D\000i\000r}{subsection.6.3.2}% 42
\BOOKMARK [3][-]{subsubsection.6.3.2.17}{\376\377\0006\000.\0003\000.\0002\000.\0001\0007\000\040\000T\000e\000m\000p\000l\000D\000i\000r}{subsection.6.3.2}% 43
\BOOKMARK [3][-]{subsubsection.6.3.2.18}{\376\377\0006\000.\0003\000.\0002\000.\0001\0008\000\040\000U\000s\000e\000r\000n\000a\000m\000e}{subsection.6.3.2}% 44
\BOOKMARK [1][-]{section.6.4}{\376\377\0006\000.\0004\000\040\000S\000c\000i\000n\000t\000i\000l\000a\000b\000.\000D\000e\000t\000e\000c\000t\000o\000r\000\040\000K\000l\000a\000s\000s\000e\000\040\000R\000e\000f\000e\000r\000a\000n\000s\000e}{chapter.6}% 45
\BOOKMARK [2][-]{subsection.6.4.1}{\376\377\0006\000.\0004\000.\0001\000\040\000D\000e\000t\000a\000l\000j\000e\000r\000t\000\040\000b\000e\000s\000k\000r\000i\000v\000e\000l\000s\000e}{section.6.4}% 46
\BOOKMARK [2][-]{subsection.6.4.2}{\376\377\0006\000.\0004\000.\0002\000\040\000M\000e\000d\000l\000e\000m\000s\000d\000a\000t\000a\000-\000d\000o\000k\000u\000m\000e\000n\000t\000a\000s\000j\000o\000n}{section.6.4}% 47
\BOOKMARK [3][-]{subsubsection.6.4.2.1}{\376\377\0006\000.\0004\000.\0002\000.\0001\000\040\000B\000a\000c\000k\000g\000r\000o\000u\000n\000d\000S\000u\000b\000t\000r\000a\000c\000t}{subsection.6.4.2}% 48
\BOOKMARK [3][-]{subsubsection.6.4.2.2}{\376\377\0006\000.\0004\000.\0002\000.\0002\000\040\000B\000e\000a\000k\000e\000r\000I\000n\000f\000o\000L\000i\000s\000t}{subsection.6.4.2}% 49
\BOOKMARK [3][-]{subsubsection.6.4.2.3}{\376\377\0006\000.\0004\000.\0002\000.\0003\000\040\000C\000o\000n\000t\000i\000n\000u\000u\000m}{subsection.6.4.2}% 50
\BOOKMARK [3][-]{subsubsection.6.4.2.4}{\376\377\0006\000.\0004\000.\0002\000.\0004\000\040\000C\000o\000n\000t\000i\000n\000u\000u\000m\000F\000u\000n\000c\000t\000i\000o\000n}{subsection.6.4.2}% 51
\BOOKMARK [3][-]{subsubsection.6.4.2.5}{\376\377\0006\000.\0004\000.\0002\000.\0005\000\040\000C\000r\000i\000t\000i\000c\000a\000l\000L\000e\000v\000e\000l}{subsection.6.4.2}% 52
\BOOKMARK [3][-]{subsubsection.6.4.2.6}{\376\377\0006\000.\0004\000.\0002\000.\0006\000\040\000D\000i\000s\000p\000l\000a\000y\000R\000O\000I\000s}{subsection.6.4.2}% 53
\BOOKMARK [3][-]{subsubsection.6.4.2.7}{\376\377\0006\000.\0004\000.\0002\000.\0007\000\040\000E\000f\000f\000i\000c\000i\000e\000n\000c\000y\000C\000a\000l\000i\000b\000r\000a\000t\000i\000o\000n\000T\000y\000p\000e}{subsection.6.4.2}% 54
\BOOKMARK [3][-]{subsubsection.6.4.2.8}{\376\377\0006\000.\0004\000.\0002\000.\0008\000\040\000F\000i\000t\000S\000i\000n\000g\000l\000e\000t\000s}{subsection.6.4.2}% 55
\BOOKMARK [3][-]{subsubsection.6.4.2.9}{\376\377\0006\000.\0004\000.\0002\000.\0009\000\040\000I\000n\000h\000i\000b\000i\000t\000A\000T\000D\000C\000o\000r\000r\000e\000c\000t\000i\000o\000n}{subsection.6.4.2}% 56
\BOOKMARK [3][-]{subsubsection.6.4.2.10}{\376\377\0006\000.\0004\000.\0002\000.\0001\0000\000\040\000I\000n\000U\000s\000e}{subsection.6.4.2}% 57
\BOOKMARK [3][-]{subsubsection.6.4.2.11}{\376\377\0006\000.\0004\000.\0002\000.\0001\0001\000\040\000M\000a\000x\000C\000h\000a\000n\000n\000e\000l\000s}{subsection.6.4.2}% 58
\BOOKMARK [3][-]{subsubsection.6.4.2.12}{\376\377\0006\000.\0004\000.\0002\000.\0001\0002\000\040\000M\000a\000x\000F\000W\000H\000M\000S\000B\000e\000t\000w\000e\000e\000n\000P\000e\000a\000k\000s}{subsection.6.4.2}% 59
\BOOKMARK [3][-]{subsubsection.6.4.2.13}{\376\377\0006\000.\0004\000.\0002\000.\0001\0003\000\040\000M\000a\000x\000F\000W\000H\000M\000S\000F\000o\000r\000L\000e\000f\000t\000L\000i\000m\000i\000t}{subsection.6.4.2}% 60
\BOOKMARK [3][-]{subsubsection.6.4.2.14}{\376\377\0006\000.\0004\000.\0002\000.\0001\0004\000\040\000M\000a\000x\000F\000W\000H\000M\000S\000F\000o\000r\000R\000i\000g\000h\000t\000L\000i\000m\000i\000t}{subsection.6.4.2}% 61
\BOOKMARK [3][-]{subsubsection.6.4.2.15}{\376\377\0006\000.\0004\000.\0002\000.\0001\0005\000\040\000M\000D\000A\000C\000o\000n\000f\000i\000d\000e\000n\000c\000e\000F\000a\000c\000t\000o\000r}{subsection.6.4.2}% 62
\BOOKMARK [3][-]{subsubsection.6.4.2.16}{\376\377\0006\000.\0004\000.\0002\000.\0001\0006\000\040\000N\000a\000m\000e}{subsection.6.4.2}% 63
\BOOKMARK [3][-]{subsubsection.6.4.2.17}{\376\377\0006\000.\0004\000.\0002\000.\0001\0007\000\040\000N\000I\000D\000C\000o\000n\000f\000i\000d\000e\000n\000c\000e\000T\000h\000r\000e\000s\000h\000o\000l\000d}{subsection.6.4.2}% 64
\BOOKMARK [3][-]{subsubsection.6.4.2.18}{\376\377\0006\000.\0004\000.\0002\000.\0001\0008\000\040\000N\000I\000D\000L\000i\000b\000r\000a\000r\000y}{subsection.6.4.2}% 65
\BOOKMARK [3][-]{subsubsection.6.4.2.19}{\376\377\0006\000.\0004\000.\0002\000.\0001\0009\000\040\000P\000e\000a\000k\000A\000r\000e\000a\000R\000e\000g\000i\000o\000n\000F\000r\000o\000m}{subsection.6.4.2}% 66
\BOOKMARK [3][-]{subsubsection.6.4.2.20}{\376\377\0006\000.\0004\000.\0002\000.\0002\0000\000\040\000P\000e\000a\000k\000A\000r\000e\000a\000R\000e\000g\000i\000o\000n\000T\000o}{subsection.6.4.2}% 67
\BOOKMARK [3][-]{subsubsection.6.4.2.21}{\376\377\0006\000.\0004\000.\0002\000.\0002\0001\000\040\000P\000e\000r\000f\000o\000r\000m\000M\000D\000A\000T\000e\000s\000t}{subsection.6.4.2}% 68
\BOOKMARK [3][-]{subsubsection.6.4.2.22}{\376\377\0006\000.\0004\000.\0002\000.\0002\0002\000\040\000P\000r\000e\000s\000e\000t\000C\000o\000u\000n\000t}{subsection.6.4.2}% 69
\BOOKMARK [3][-]{subsubsection.6.4.2.23}{\376\377\0006\000.\0004\000.\0002\000.\0002\0003\000\040\000P\000r\000e\000s\000e\000t\000C\000o\000u\000n\000t\000C\000h\000a\000n\000F\000r\000o\000m}{subsection.6.4.2}% 70
\BOOKMARK [3][-]{subsubsection.6.4.2.24}{\376\377\0006\000.\0004\000.\0002\000.\0002\0004\000\040\000P\000r\000e\000s\000e\000t\000C\000o\000u\000n\000t\000C\000h\000a\000n\000T\000o}{subsection.6.4.2}% 71
\BOOKMARK [3][-]{subsubsection.6.4.2.25}{\376\377\0006\000.\0004\000.\0002\000.\0002\0005\000\040\000P\000r\000e\000s\000e\000t\000C\000o\000u\000n\000t\000V\000a\000l\000u\000e}{subsection.6.4.2}% 72
\BOOKMARK [3][-]{subsubsection.6.4.2.26}{\376\377\0006\000.\0004\000.\0002\000.\0002\0006\000\040\000P\000r\000e\000s\000e\000t\000T\000i\000m\000e}{subsection.6.4.2}% 73
\BOOKMARK [3][-]{subsubsection.6.4.2.27}{\376\377\0006\000.\0004\000.\0002\000.\0002\0007\000\040\000P\000r\000e\000s\000e\000t\000T\000i\000m\000e\000U\000n\000i\000t}{subsection.6.4.2}% 74
\BOOKMARK [3][-]{subsubsection.6.4.2.28}{\376\377\0006\000.\0004\000.\0002\000.\0002\0008\000\040\000P\000r\000e\000s\000e\000t\000T\000i\000m\000e\000V\000a\000l\000u\000e}{subsection.6.4.2}% 75
\BOOKMARK [3][-]{subsubsection.6.4.2.29}{\376\377\0006\000.\0004\000.\0002\000.\0002\0009\000\040\000Q\000A\000B\000k\000g\000P\000r\000e\000s\000e\000t\000A\000r\000e\000a}{subsection.6.4.2}% 76
\BOOKMARK [3][-]{subsubsection.6.4.2.30}{\376\377\0006\000.\0004\000.\0002\000.\0003\0000\000\040\000Q\000A\000B\000k\000g\000P\000r\000e\000s\000e\000t\000A\000r\000e\000a\000C\000h\000a\000n\000F\000r\000o\000m}{subsection.6.4.2}% 77
\BOOKMARK [3][-]{subsubsection.6.4.2.31}{\376\377\0006\000.\0004\000.\0002\000.\0003\0001\000\040\000Q\000A\000B\000k\000g\000P\000r\000e\000s\000e\000t\000A\000r\000e\000a\000C\000h\000a\000n\000T\000o}{subsection.6.4.2}% 78
\BOOKMARK [3][-]{subsubsection.6.4.2.32}{\376\377\0006\000.\0004\000.\0002\000.\0003\0002\000\040\000Q\000A\000B\000k\000g\000P\000r\000e\000s\000e\000t\000A\000r\000e\000a\000V\000a\000l\000u\000e}{subsection.6.4.2}% 79
\BOOKMARK [3][-]{subsubsection.6.4.2.33}{\376\377\0006\000.\0004\000.\0002\000.\0003\0003\000\040\000Q\000A\000B\000k\000g\000P\000r\000e\000s\000e\000t\000T\000i\000m\000e}{subsection.6.4.2}% 80
\BOOKMARK [3][-]{subsubsection.6.4.2.34}{\376\377\0006\000.\0004\000.\0002\000.\0003\0004\000\040\000Q\000A\000B\000k\000g\000P\000r\000e\000s\000e\000t\000T\000i\000m\000e\000U\000n\000i\000t}{subsection.6.4.2}% 81
\BOOKMARK [3][-]{subsubsection.6.4.2.35}{\376\377\0006\000.\0004\000.\0002\000.\0003\0005\000\040\000Q\000A\000B\000k\000g\000P\000r\000e\000s\000e\000t\000T\000i\000m\000e\000V\000a\000l\000u\000e}{subsection.6.4.2}% 82
\BOOKMARK [3][-]{subsubsection.6.4.2.36}{\376\377\0006\000.\0004\000.\0002\000.\0003\0006\000\040\000Q\000A\000R\000e\000f\000P\000r\000e\000s\000e\000t\000A\000r\000e\000a}{subsection.6.4.2}% 83
\BOOKMARK [3][-]{subsubsection.6.4.2.37}{\376\377\0006\000.\0004\000.\0002\000.\0003\0007\000\040\000Q\000A\000R\000e\000f\000P\000r\000e\000s\000e\000t\000A\000r\000e\000a\000C\000h\000a\000n\000F\000r\000o\000m}{subsection.6.4.2}% 84
\BOOKMARK [3][-]{subsubsection.6.4.2.38}{\376\377\0006\000.\0004\000.\0002\000.\0003\0008\000\040\000Q\000A\000R\000e\000f\000P\000r\000e\000s\000e\000t\000A\000r\000e\000a\000C\000h\000a\000n\000T\000o}{subsection.6.4.2}% 85
\BOOKMARK [3][-]{subsubsection.6.4.2.39}{\376\377\0006\000.\0004\000.\0002\000.\0003\0009\000\040\000Q\000A\000R\000e\000f\000P\000r\000e\000s\000e\000t\000A\000r\000e\000a\000V\000a\000l\000u\000e}{subsection.6.4.2}% 86
\BOOKMARK [3][-]{subsubsection.6.4.2.40}{\376\377\0006\000.\0004\000.\0002\000.\0004\0000\000\040\000Q\000A\000R\000e\000f\000P\000r\000e\000s\000e\000t\000T\000i\000m\000e}{subsection.6.4.2}% 87
\BOOKMARK [3][-]{subsubsection.6.4.2.41}{\376\377\0006\000.\0004\000.\0002\000.\0004\0001\000\040\000Q\000A\000R\000e\000f\000P\000r\000e\000s\000e\000t\000T\000i\000m\000e\000U\000n\000i\000t}{subsection.6.4.2}% 88
\BOOKMARK [3][-]{subsubsection.6.4.2.42}{\376\377\0006\000.\0004\000.\0002\000.\0004\0002\000\040\000Q\000A\000R\000e\000f\000P\000r\000e\000s\000e\000t\000T\000i\000m\000e\000V\000a\000l\000u\000e}{subsection.6.4.2}% 89
\BOOKMARK [3][-]{subsubsection.6.4.2.43}{\376\377\0006\000.\0004\000.\0002\000.\0004\0003\000\040\000R\000a\000n\000d\000o\000m\000E\000r\000r\000o\000r}{subsection.6.4.2}% 90
\BOOKMARK [3][-]{subsubsection.6.4.2.44}{\376\377\0006\000.\0004\000.\0002\000.\0004\0004\000\040\000R\000e\000j\000e\000c\000t\000Z\000e\000r\000o\000A\000r\000e\000a\000P\000e\000a\000k\000s}{subsection.6.4.2}% 91
\BOOKMARK [3][-]{subsubsection.6.4.2.45}{\376\377\0006\000.\0004\000.\0002\000.\0004\0005\000\040\000S\000e\000a\000r\000c\000h\000R\000e\000g\000i\000o\000n\000F\000r\000o\000m}{subsection.6.4.2}% 92
\BOOKMARK [3][-]{subsubsection.6.4.2.46}{\376\377\0006\000.\0004\000.\0002\000.\0004\0006\000\040\000S\000e\000a\000r\000c\000h\000R\000e\000g\000i\000o\000n\000T\000o}{subsection.6.4.2}% 93
\BOOKMARK [3][-]{subsubsection.6.4.2.47}{\376\377\0006\000.\0004\000.\0002\000.\0004\0007\000\040\000S\000i\000g\000n\000i\000f\000i\000c\000a\000n\000c\000e\000T\000h\000r\000e\000s\000h\000o\000l\000d}{subsection.6.4.2}% 94
\BOOKMARK [3][-]{subsubsection.6.4.2.48}{\376\377\0006\000.\0004\000.\0002\000.\0004\0008\000\040\000S\000p\000e\000c\000t\000r\000u\000m\000C\000o\000u\000n\000t\000e\000r}{subsection.6.4.2}% 95
\BOOKMARK [3][-]{subsubsection.6.4.2.49}{\376\377\0006\000.\0004\000.\0002\000.\0004\0009\000\040\000S\000y\000s\000t\000e\000m\000a\000t\000i\000c\000E\000r\000r\000o\000r}{subsection.6.4.2}% 96
\BOOKMARK [3][-]{subsubsection.6.4.2.50}{\376\377\0006\000.\0004\000.\0002\000.\0005\0000\000\040\000T\000o\000l\000e\000r\000a\000n\000c\000e}{subsection.6.4.2}% 97
\BOOKMARK [3][-]{subsubsection.6.4.2.51}{\376\377\0006\000.\0004\000.\0002\000.\0005\0001\000\040\000U\000s\000e\000F\000i\000x\000e\000d\000F\000W\000H\000M}{subsection.6.4.2}% 98
\BOOKMARK [3][-]{subsubsection.6.4.2.52}{\376\377\0006\000.\0004\000.\0002\000.\0005\0002\000\040\000U\000s\000e\000F\000i\000x\000e\000d\000T\000a\000i\000l\000P\000a\000r\000a\000m\000e\000t\000e\000r}{subsection.6.4.2}% 99
\BOOKMARK [3][-]{subsubsection.6.4.2.53}{\376\377\0006\000.\0004\000.\0002\000.\0005\0003\000\040\000U\000s\000e\000S\000t\000o\000r\000e\000d\000L\000i\000b\000r\000a\000r\000y}{subsection.6.4.2}% 100
\BOOKMARK [1][-]{section.6.5}{\376\377\0006\000.\0005\000\040\000S\000c\000i\000n\000t\000i\000l\000a\000b\000.\000F\000o\000r\000m\000B\000a\000r\000c\000o\000d\000e\000S\000a\000m\000p\000l\000e\000\040\000K\000l\000a\000s\000s\000e\000\040\000R\000e\000f\000e\000r\000a\000n\000s\000e}{chapter.6}% 101
\BOOKMARK [2][-]{subsection.6.5.1}{\376\377\0006\000.\0005\000.\0001\000\040\000D\000e\000t\000a\000l\000j\000e\000r\000t\000\040\000b\000e\000s\000k\000r\000i\000v\000e\000l\000s\000e}{section.6.5}% 102
\BOOKMARK [2][-]{subsection.6.5.2}{\376\377\0006\000.\0005\000.\0002\000\040\000K\000o\000n\000s\000t\000r\000u\000k\000t\000\370\000r\000-\000\040\000\046\000\040\000d\000e\000s\000t\000r\000u\000k\000t\000\370\000r\000-\000d\000o\000k\000u\000m\000e\000n\000t\000a\000s\000j\000o\000n}{section.6.5}% 103
\BOOKMARK [3][-]{subsubsection.6.5.2.1}{\376\377\0006\000.\0005\000.\0002\000.\0001\000\040\000F\000o\000r\000m\000B\000a\000r\000c\000o\000d\000e\000S\000a\000m\000p\000l\000e}{subsection.6.5.2}% 104
\BOOKMARK [2][-]{subsection.6.5.3}{\376\377\0006\000.\0005\000.\0003\000\040\000M\000e\000d\000l\000e\000m\000s\000f\000u\000n\000k\000s\000j\000o\000n\000-\000d\000o\000k\000u\000m\000e\000n\000t\000a\000s\000j\000o\000n}{section.6.5}% 105
\BOOKMARK [3][-]{subsubsection.6.5.3.1}{\376\377\0006\000.\0005\000.\0003\000.\0001\000\040\000F\000o\000r\000m\000B\000a\000r\000c\000o\000d\000e\000S\000a\000m\000p\000l\000e\000\137\000L\000o\000a\000d}{subsection.6.5.3}% 106
\BOOKMARK [3][-]{subsubsection.6.5.3.2}{\376\377\0006\000.\0005\000.\0003\000.\0002\000\040\000t\000b\000B\000a\000r\000c\000o\000d\000e\000\137\000K\000e\000y\000P\000r\000e\000s\000s}{subsection.6.5.3}% 107
\BOOKMARK [2][-]{subsection.6.5.4}{\376\377\0006\000.\0005\000.\0004\000\040\000M\000e\000d\000l\000e\000m\000s\000d\000a\000t\000a\000-\000d\000o\000k\000u\000m\000e\000n\000t\000a\000s\000j\000o\000n}{section.6.5}% 108
\BOOKMARK [3][-]{subsubsection.6.5.4.1}{\376\377\0006\000.\0005\000.\0004\000.\0001\000\040\000L\000i\000m\000s\000E\000x\000p\000D\000i\000r}{subsection.6.5.4}% 109
\BOOKMARK [3][-]{subsubsection.6.5.4.2}{\376\377\0006\000.\0005\000.\0004\000.\0002\000\040\000L\000i\000m\000s\000F\000i\000l\000e}{subsection.6.5.4}% 110
\BOOKMARK [1][-]{section.6.6}{\376\377\0006\000.\0006\000\040\000S\000c\000i\000n\000t\000i\000l\000a\000b\000.\000F\000o\000r\000m\000B\000a\000r\000c\000o\000d\000e\000S\000a\000m\000p\000l\000e\000W\000i\000z\000a\000r\000d\000\040\000K\000l\000a\000s\000s\000e\000\040\000R\000e\000f\000e\000r\000a\000n\000s\000e}{chapter.6}% 111
\BOOKMARK [2][-]{subsection.6.6.1}{\376\377\0006\000.\0006\000.\0001\000\040\000D\000e\000t\000a\000l\000j\000e\000r\000t\000\040\000b\000e\000s\000k\000r\000i\000v\000e\000l\000s\000e}{section.6.6}% 112
\BOOKMARK [2][-]{subsection.6.6.2}{\376\377\0006\000.\0006\000.\0002\000\040\000K\000o\000n\000s\000t\000r\000u\000k\000t\000\370\000r\000-\000\040\000\046\000\040\000d\000e\000s\000t\000r\000u\000k\000t\000\370\000r\000-\000d\000o\000k\000u\000m\000e\000n\000t\000a\000s\000j\000o\000n}{section.6.6}% 113
\BOOKMARK [3][-]{subsubsection.6.6.2.1}{\376\377\0006\000.\0006\000.\0002\000.\0001\000\040\000F\000o\000r\000m\000B\000a\000r\000c\000o\000d\000e\000S\000a\000m\000p\000l\000e\000W\000i\000z\000a\000r\000d}{subsection.6.6.2}% 114
\BOOKMARK [2][-]{subsection.6.6.3}{\376\377\0006\000.\0006\000.\0003\000\040\000M\000e\000d\000l\000e\000m\000s\000f\000u\000n\000k\000s\000j\000o\000n\000-\000d\000o\000k\000u\000m\000e\000n\000t\000a\000s\000j\000o\000n}{section.6.6}% 115
\BOOKMARK [3][-]{subsubsection.6.6.3.1}{\376\377\0006\000.\0006\000.\0003\000.\0001\000\040\000F\000o\000r\000m\000B\000a\000r\000c\000o\000d\000e\000S\000a\000m\000p\000l\000e\000W\000i\000z\000a\000r\000d\000\137\000L\000o\000a\000d}{subsection.6.6.3}% 116
\BOOKMARK [3][-]{subsubsection.6.6.3.2}{\376\377\0006\000.\0006\000.\0003\000.\0002\000\040\000g\000e\000t\000D\000e\000t\000e\000c\000t\000o\000r\000B\000y\000N\000a\000m\000e}{subsection.6.6.3}% 117
\BOOKMARK [3][-]{subsubsection.6.6.3.3}{\376\377\0006\000.\0006\000.\0003\000.\0003\000\040\000t\000a\000b\000s\000\137\000S\000e\000l\000e\000c\000t\000e\000d\000I\000n\000d\000e\000x\000C\000h\000a\000n\000g\000e\000d}{subsection.6.6.3}% 118
\BOOKMARK [3][-]{subsubsection.6.6.3.4}{\376\377\0006\000.\0006\000.\0003\000.\0004\000\040\000t\000b\000D\000e\000t\000e\000c\000t\000o\000r\000\137\000K\000e\000y\000P\000r\000e\000s\000s}{subsection.6.6.3}% 119
\BOOKMARK [3][-]{subsubsection.6.6.3.5}{\376\377\0006\000.\0006\000.\0003\000.\0005\000\040\000t\000b\000G\000e\000o\000m\000\137\000K\000e\000y\000P\000r\000e\000s\000s}{subsection.6.6.3}% 120
\BOOKMARK [3][-]{subsubsection.6.6.3.6}{\376\377\0006\000.\0006\000.\0003\000.\0006\000\040\000t\000b\000S\000a\000m\000p\000I\000D\000\137\000K\000e\000y\000P\000r\000e\000s\000s}{subsection.6.6.3}% 121
\BOOKMARK [3][-]{subsubsection.6.6.3.7}{\376\377\0006\000.\0006\000.\0003\000.\0007\000\040\000t\000b\000S\000t\000a\000r\000t\000\137\000K\000e\000y\000P\000r\000e\000s\000s}{subsection.6.6.3}% 122
\BOOKMARK [2][-]{subsection.6.6.4}{\376\377\0006\000.\0006\000.\0004\000\040\000M\000e\000d\000l\000e\000m\000s\000d\000a\000t\000a\000-\000d\000o\000k\000u\000m\000e\000n\000t\000a\000s\000j\000o\000n}{section.6.6}% 123
\BOOKMARK [3][-]{subsubsection.6.6.4.1}{\376\377\0006\000.\0006\000.\0004\000.\0001\000\040\000d\000e\000t}{subsection.6.6.4}% 124
\BOOKMARK [3][-]{subsubsection.6.6.4.2}{\376\377\0006\000.\0006\000.\0004\000.\0002\000\040\000S\000e\000l\000I\000n\000f\000o}{subsection.6.6.4}% 125
\BOOKMARK [1][-]{section.6.7}{\376\377\0006\000.\0007\000\040\000S\000c\000i\000n\000t\000i\000l\000a\000b\000.\000F\000o\000r\000m\000C\000r\000e\000a\000t\000e\000G\000e\000o\000m\000C\000a\000l\000Q\000A\000\040\000K\000l\000a\000s\000s\000e\000\040\000R\000e\000f\000e\000r\000a\000n\000s\000e}{chapter.6}% 126
\BOOKMARK [2][-]{subsection.6.7.1}{\376\377\0006\000.\0007\000.\0001\000\040\000D\000e\000t\000a\000l\000j\000e\000r\000t\000\040\000b\000e\000s\000k\000r\000i\000v\000e\000l\000s\000e}{section.6.7}% 127
\BOOKMARK [2][-]{subsection.6.7.2}{\376\377\0006\000.\0007\000.\0002\000\040\000K\000o\000n\000s\000t\000r\000u\000k\000t\000\370\000r\000-\000\040\000\046\000\040\000d\000e\000s\000t\000r\000u\000k\000t\000\370\000r\000-\000d\000o\000k\000u\000m\000e\000n\000t\000a\000s\000j\000o\000n}{section.6.7}% 128
\BOOKMARK [3][-]{subsubsection.6.7.2.1}{\376\377\0006\000.\0007\000.\0002\000.\0001\000\040\000F\000o\000r\000m\000C\000r\000e\000a\000t\000e\000G\000e\000o\000m\000C\000a\000l\000Q\000A}{subsection.6.7.2}% 129
\BOOKMARK [2][-]{subsection.6.7.3}{\376\377\0006\000.\0007\000.\0003\000\040\000M\000e\000d\000l\000e\000m\000s\000f\000u\000n\000k\000s\000j\000o\000n\000-\000d\000o\000k\000u\000m\000e\000n\000t\000a\000s\000j\000o\000n}{section.6.7}% 130
\BOOKMARK [3][-]{subsubsection.6.7.3.1}{\376\377\0006\000.\0007\000.\0003\000.\0001\000\040\000b\000t\000n\000C\000a\000n\000c\000e\000l\000\137\000C\000l\000i\000c\000k}{subsection.6.7.3}% 131
\BOOKMARK [3][-]{subsubsection.6.7.3.2}{\376\377\0006\000.\0007\000.\0003\000.\0002\000\040\000b\000t\000n\000O\000k\000\137\000C\000l\000i\000c\000k}{subsection.6.7.3}% 132
\BOOKMARK [3][-]{subsubsection.6.7.3.3}{\376\377\0006\000.\0007\000.\0003\000.\0003\000\040\000c\000b\000o\000x\000G\000e\000o\000m\000\137\000S\000e\000l\000e\000c\000t\000e\000d\000I\000n\000d\000e\000x\000C\000h\000a\000n\000g\000e\000d}{subsection.6.7.3}% 133
\BOOKMARK [3][-]{subsubsection.6.7.3.4}{\376\377\0006\000.\0007\000.\0003\000.\0004\000\040\000F\000o\000r\000m\000C\000r\000e\000a\000t\000e\000G\000e\000o\000m\000C\000a\000l\000Q\000A\000\137\000L\000o\000a\000d}{subsection.6.7.3}% 134
\BOOKMARK [2][-]{subsection.6.7.4}{\376\377\0006\000.\0007\000.\0004\000\040\000M\000e\000d\000l\000e\000m\000s\000d\000a\000t\000a\000-\000d\000o\000k\000u\000m\000e\000n\000t\000a\000s\000j\000o\000n}{section.6.7}% 135
\BOOKMARK [3][-]{subsubsection.6.7.4.1}{\376\377\0006\000.\0007\000.\0004\000.\0001\000\040\000m\000B\000e\000a\000k\000e\000r\000s}{subsection.6.7.4}% 136
\BOOKMARK [3][-]{subsubsection.6.7.4.2}{\376\377\0006\000.\0007\000.\0004\000.\0002\000\040\000m\000C\000a\000l\000D\000i\000r}{subsection.6.7.4}% 137
\BOOKMARK [3][-]{subsubsection.6.7.4.3}{\376\377\0006\000.\0007\000.\0004\000.\0003\000\040\000m\000D\000e\000t\000e\000c\000t\000o\000r}{subsection.6.7.4}% 138
\BOOKMARK [3][-]{subsubsection.6.7.4.4}{\376\377\0006\000.\0007\000.\0004\000.\0004\000\040\000m\000Q\000A\000B\000e\000a\000k\000e\000r\000s}{subsection.6.7.4}% 139
\BOOKMARK [3][-]{subsubsection.6.7.4.5}{\376\377\0006\000.\0007\000.\0004\000.\0005\000\040\000m\000U\000s\000e\000d\000G\000e\000o\000m\000s}{subsection.6.7.4}% 140
\BOOKMARK [3][-]{subsubsection.6.7.4.6}{\376\377\0006\000.\0007\000.\0004\000.\0006\000\040\000S\000e\000l\000e\000c\000t\000e\000d\000C\000a\000l\000F\000i\000l\000e}{subsection.6.7.4}% 141
\BOOKMARK [3][-]{subsubsection.6.7.4.7}{\376\377\0006\000.\0007\000.\0004\000.\0007\000\040\000S\000e\000l\000e\000c\000t\000e\000d\000G\000e\000o\000m\000e\000t\000r\000y}{subsection.6.7.4}% 142
\BOOKMARK [3][-]{subsubsection.6.7.4.8}{\376\377\0006\000.\0007\000.\0004\000.\0008\000\040\000S\000e\000l\000e\000c\000t\000e\000d\000Q\000A\000B\000o\000x}{subsection.6.7.4}% 143
\BOOKMARK [1][-]{section.6.8}{\376\377\0006\000.\0008\000\040\000S\000c\000i\000n\000t\000i\000l\000a\000b\000.\000F\000o\000r\000m\000E\000d\000i\000t\000G\000e\000o\000m\000C\000a\000l\000Q\000A\000\040\000K\000l\000a\000s\000s\000e\000\040\000R\000e\000f\000e\000r\000a\000n\000s\000e}{chapter.6}% 144
\BOOKMARK [2][-]{subsection.6.8.1}{\376\377\0006\000.\0008\000.\0001\000\040\000D\000e\000t\000a\000l\000j\000e\000r\000t\000\040\000b\000e\000s\000k\000r\000i\000v\000e\000l\000s\000e}{section.6.8}% 145
\BOOKMARK [2][-]{subsection.6.8.2}{\376\377\0006\000.\0008\000.\0002\000\040\000K\000o\000n\000s\000t\000r\000u\000k\000t\000\370\000r\000-\000\040\000\046\000\040\000d\000e\000s\000t\000r\000u\000k\000t\000\370\000r\000-\000d\000o\000k\000u\000m\000e\000n\000t\000a\000s\000j\000o\000n}{section.6.8}% 146
\BOOKMARK [3][-]{subsubsection.6.8.2.1}{\376\377\0006\000.\0008\000.\0002\000.\0001\000\040\000F\000o\000r\000m\000E\000d\000i\000t\000G\000e\000o\000m\000C\000a\000l\000Q\000A}{subsection.6.8.2}% 147
\BOOKMARK [2][-]{subsection.6.8.3}{\376\377\0006\000.\0008\000.\0003\000\040\000M\000e\000d\000l\000e\000m\000s\000f\000u\000n\000k\000s\000j\000o\000n\000-\000d\000o\000k\000u\000m\000e\000n\000t\000a\000s\000j\000o\000n}{section.6.8}% 148
\BOOKMARK [3][-]{subsubsection.6.8.3.1}{\376\377\0006\000.\0008\000.\0003\000.\0001\000\040\000b\000t\000n\000C\000a\000n\000c\000e\000l\000\137\000C\000l\000i\000c\000k}{subsection.6.8.3}% 149
\BOOKMARK [3][-]{subsubsection.6.8.3.2}{\376\377\0006\000.\0008\000.\0003\000.\0002\000\040\000b\000t\000n\000O\000k\000\137\000C\000l\000i\000c\000k}{subsection.6.8.3}% 150
\BOOKMARK [3][-]{subsubsection.6.8.3.3}{\376\377\0006\000.\0008\000.\0003\000.\0003\000\040\000F\000o\000r\000m\000C\000r\000e\000a\000t\000e\000G\000e\000o\000m\000C\000a\000l\000Q\000A\000\137\000L\000o\000a\000d}{subsection.6.8.3}% 151
\BOOKMARK [2][-]{subsection.6.8.4}{\376\377\0006\000.\0008\000.\0004\000\040\000M\000e\000d\000l\000e\000m\000s\000d\000a\000t\000a\000-\000d\000o\000k\000u\000m\000e\000n\000t\000a\000s\000j\000o\000n}{section.6.8}% 152
\BOOKMARK [3][-]{subsubsection.6.8.4.1}{\376\377\0006\000.\0008\000.\0004\000.\0001\000\040\000C\000u\000r\000r\000e\000n\000t\000C\000a\000l\000F\000i\000l\000e}{subsection.6.8.4}% 153
\BOOKMARK [3][-]{subsubsection.6.8.4.2}{\376\377\0006\000.\0008\000.\0004\000.\0002\000\040\000C\000u\000r\000r\000e\000n\000t\000Q\000A\000B\000o\000x}{subsection.6.8.4}% 154
\BOOKMARK [3][-]{subsubsection.6.8.4.3}{\376\377\0006\000.\0008\000.\0004\000.\0003\000\040\000m\000C\000a\000l\000D\000i\000r}{subsection.6.8.4}% 155
\BOOKMARK [3][-]{subsubsection.6.8.4.4}{\376\377\0006\000.\0008\000.\0004\000.\0004\000\040\000m\000D\000e\000t\000e\000c\000t\000o\000r}{subsection.6.8.4}% 156
\BOOKMARK [3][-]{subsubsection.6.8.4.5}{\376\377\0006\000.\0008\000.\0004\000.\0005\000\040\000m\000Q\000A\000B\000e\000a\000k\000e\000r\000s}{subsection.6.8.4}% 157
\BOOKMARK [3][-]{subsubsection.6.8.4.6}{\376\377\0006\000.\0008\000.\0004\000.\0006\000\040\000S\000e\000l\000e\000c\000t\000e\000d\000C\000a\000l\000F\000i\000l\000e}{subsection.6.8.4}% 158
\BOOKMARK [3][-]{subsubsection.6.8.4.7}{\376\377\0006\000.\0008\000.\0004\000.\0007\000\040\000S\000e\000l\000e\000c\000t\000e\000d\000Q\000A\000B\000o\000x}{subsection.6.8.4}% 159
\BOOKMARK [1][-]{section.6.9}{\376\377\0006\000.\0009\000\040\000S\000c\000i\000n\000t\000i\000l\000a\000b\000.\000F\000o\000r\000m\000I\000n\000p\000u\000t\000N\000a\000m\000e\000\040\000K\000l\000a\000s\000s\000e\000\040\000R\000e\000f\000e\000r\000a\000n\000s\000e}{chapter.6}% 160
\BOOKMARK [2][-]{subsection.6.9.1}{\376\377\0006\000.\0009\000.\0001\000\040\000D\000e\000t\000a\000l\000j\000e\000r\000t\000\040\000b\000e\000s\000k\000r\000i\000v\000e\000l\000s\000e}{section.6.9}% 161
\BOOKMARK [2][-]{subsection.6.9.2}{\376\377\0006\000.\0009\000.\0002\000\040\000K\000o\000n\000s\000t\000r\000u\000k\000t\000\370\000r\000-\000\040\000\046\000\040\000d\000e\000s\000t\000r\000u\000k\000t\000\370\000r\000-\000d\000o\000k\000u\000m\000e\000n\000t\000a\000s\000j\000o\000n}{section.6.9}% 162
\BOOKMARK [3][-]{subsubsection.6.9.2.1}{\376\377\0006\000.\0009\000.\0002\000.\0001\000\040\000F\000o\000r\000m\000I\000n\000p\000u\000t\000N\000a\000m\000e}{subsection.6.9.2}% 163
\BOOKMARK [2][-]{subsection.6.9.3}{\376\377\0006\000.\0009\000.\0003\000\040\000M\000e\000d\000l\000e\000m\000s\000f\000u\000n\000k\000s\000j\000o\000n\000-\000d\000o\000k\000u\000m\000e\000n\000t\000a\000s\000j\000o\000n}{section.6.9}% 164
\BOOKMARK [3][-]{subsubsection.6.9.3.1}{\376\377\0006\000.\0009\000.\0003\000.\0001\000\040\000b\000t\000n\000O\000k\000\137\000C\000l\000i\000c\000k}{subsection.6.9.3}% 165
\BOOKMARK [3][-]{subsubsection.6.9.3.2}{\376\377\0006\000.\0009\000.\0003\000.\0002\000\040\000t\000b\000N\000a\000m\000e\000\137\000K\000e\000y\000P\000r\000e\000s\000s}{subsection.6.9.3}% 166
\BOOKMARK [2][-]{subsection.6.9.4}{\376\377\0006\000.\0009\000.\0004\000\040\000M\000e\000d\000l\000e\000m\000s\000d\000a\000t\000a\000-\000d\000o\000k\000u\000m\000e\000n\000t\000a\000s\000j\000o\000n}{section.6.9}% 167
\BOOKMARK [3][-]{subsubsection.6.9.4.1}{\376\377\0006\000.\0009\000.\0004\000.\0001\000\040\000S\000e\000l\000e\000c\000t\000e\000d\000N\000a\000m\000e}{subsection.6.9.4}% 168
\BOOKMARK [1][-]{section.6.10}{\376\377\0006\000.\0001\0000\000\040\000S\000c\000i\000n\000t\000i\000l\000a\000b\000.\000F\000o\000r\000m\000J\000o\000b\000R\000e\000p\000o\000r\000t\000\040\000K\000l\000a\000s\000s\000e\000\040\000R\000e\000f\000e\000r\000a\000n\000s\000e}{chapter.6}% 169
\BOOKMARK [2][-]{subsection.6.10.1}{\376\377\0006\000.\0001\0000\000.\0001\000\040\000D\000e\000t\000a\000l\000j\000e\000r\000t\000\040\000b\000e\000s\000k\000r\000i\000v\000e\000l\000s\000e}{section.6.10}% 170
\BOOKMARK [2][-]{subsection.6.10.2}{\376\377\0006\000.\0001\0000\000.\0002\000\040\000K\000o\000n\000s\000t\000r\000u\000k\000t\000\370\000r\000-\000\040\000\046\000\040\000d\000e\000s\000t\000r\000u\000k\000t\000\370\000r\000-\000d\000o\000k\000u\000m\000e\000n\000t\000a\000s\000j\000o\000n}{section.6.10}% 171
\BOOKMARK [3][-]{subsubsection.6.10.2.1}{\376\377\0006\000.\0001\0000\000.\0002\000.\0001\000\040\000F\000o\000r\000m\000J\000o\000b\000R\000e\000p\000o\000r\000t}{subsection.6.10.2}% 172
\BOOKMARK [2][-]{subsection.6.10.3}{\376\377\0006\000.\0001\0000\000.\0003\000\040\000M\000e\000d\000l\000e\000m\000s\000f\000u\000n\000k\000s\000j\000o\000n\000-\000d\000o\000k\000u\000m\000e\000n\000t\000a\000s\000j\000o\000n}{section.6.10}% 173
\BOOKMARK [3][-]{subsubsection.6.10.3.1}{\376\377\0006\000.\0001\0000\000.\0003\000.\0001\000\040\000b\000t\000n\000D\000e\000l\000e\000t\000e\000\137\000C\000l\000i\000c\000k}{subsection.6.10.3}% 174
\BOOKMARK [3][-]{subsubsection.6.10.3.2}{\376\377\0006\000.\0001\0000\000.\0003\000.\0002\000\040\000b\000t\000n\000S\000t\000o\000r\000e\000\137\000C\000l\000i\000c\000k}{subsection.6.10.3}% 175
\BOOKMARK [3][-]{subsubsection.6.10.3.3}{\376\377\0006\000.\0001\0000\000.\0003\000.\0003\000\040\000F\000o\000r\000m\000J\000o\000b\000R\000e\000p\000o\000r\000t\000\137\000L\000o\000a\000d}{subsection.6.10.3}% 176
\BOOKMARK [2][-]{subsection.6.10.4}{\376\377\0006\000.\0001\0000\000.\0004\000\040\000M\000e\000d\000l\000e\000m\000s\000d\000a\000t\000a\000-\000d\000o\000k\000u\000m\000e\000n\000t\000a\000s\000j\000o\000n}{section.6.10}% 177
\BOOKMARK [3][-]{subsubsection.6.10.4.1}{\376\377\0006\000.\0001\0000\000.\0004\000.\0001\000\040\000A\000r\000c\000h\000i\000v\000e\000N\000a\000m\000e}{subsection.6.10.4}% 178
\BOOKMARK [3][-]{subsubsection.6.10.4.2}{\376\377\0006\000.\0001\0000\000.\0004\000.\0002\000\040\000B\000a\000s\000e\000N\000a\000m\000e}{subsection.6.10.4}% 179
\BOOKMARK [3][-]{subsubsection.6.10.4.3}{\376\377\0006\000.\0001\0000\000.\0004\000.\0003\000\040\000D\000e\000t\000e\000c\000t\000o\000r}{subsection.6.10.4}% 180
\BOOKMARK [3][-]{subsubsection.6.10.4.4}{\376\377\0006\000.\0001\0000\000.\0004\000.\0004\000\040\000h\000a\000s\000E\000r\000r\000o\000r}{subsection.6.10.4}% 181
\BOOKMARK [3][-]{subsubsection.6.10.4.5}{\376\377\0006\000.\0001\0000\000.\0004\000.\0005\000\040\000I\000s\000R\000e\000a\000n\000a\000l}{subsection.6.10.4}% 182
\BOOKMARK [3][-]{subsubsection.6.10.4.6}{\376\377\0006\000.\0001\0000\000.\0004\000.\0006\000\040\000j\000p}{subsection.6.10.4}% 183
\BOOKMARK [3][-]{subsubsection.6.10.4.7}{\376\377\0006\000.\0001\0000\000.\0004\000.\0007\000\040\000S\000y\000s\000P\000a\000r}{subsection.6.10.4}% 184
\BOOKMARK [3][-]{subsubsection.6.10.4.8}{\376\377\0006\000.\0001\0000\000.\0004\000.\0008\000\040\000U\000p\000d\000a\000t\000e\000D\000e\000t\000e\000c\000t\000o\000r\000s}{subsection.6.10.4}% 185
\BOOKMARK [1][-]{section.6.11}{\376\377\0006\000.\0001\0001\000\040\000S\000c\000i\000n\000t\000i\000l\000a\000b\000.\000F\000o\000r\000m\000L\000o\000g\000i\000n\000\040\000K\000l\000a\000s\000s\000e\000\040\000R\000e\000f\000e\000r\000a\000n\000s\000e}{chapter.6}% 186
\BOOKMARK [2][-]{subsection.6.11.1}{\376\377\0006\000.\0001\0001\000.\0001\000\040\000D\000e\000t\000a\000l\000j\000e\000r\000t\000\040\000b\000e\000s\000k\000r\000i\000v\000e\000l\000s\000e}{section.6.11}% 187
\BOOKMARK [2][-]{subsection.6.11.2}{\376\377\0006\000.\0001\0001\000.\0002\000\040\000K\000o\000n\000s\000t\000r\000u\000k\000t\000\370\000r\000-\000\040\000\046\000\040\000d\000e\000s\000t\000r\000u\000k\000t\000\370\000r\000-\000d\000o\000k\000u\000m\000e\000n\000t\000a\000s\000j\000o\000n}{section.6.11}% 188
\BOOKMARK [3][-]{subsubsection.6.11.2.1}{\376\377\0006\000.\0001\0001\000.\0002\000.\0001\000\040\000F\000o\000r\000m\000L\000o\000g\000i\000n}{subsection.6.11.2}% 189
\BOOKMARK [2][-]{subsection.6.11.3}{\376\377\0006\000.\0001\0001\000.\0003\000\040\000M\000e\000d\000l\000e\000m\000s\000f\000u\000n\000k\000s\000j\000o\000n\000-\000d\000o\000k\000u\000m\000e\000n\000t\000a\000s\000j\000o\000n}{section.6.11}% 190
\BOOKMARK [3][-]{subsubsection.6.11.3.1}{\376\377\0006\000.\0001\0001\000.\0003\000.\0001\000\040\000b\000t\000n\000C\000a\000n\000c\000e\000l\000\137\000C\000l\000i\000c\000k}{subsection.6.11.3}% 191
\BOOKMARK [3][-]{subsubsection.6.11.3.2}{\376\377\0006\000.\0001\0001\000.\0003\000.\0002\000\040\000b\000t\000n\000L\000o\000g\000i\000n\000\137\000C\000l\000i\000c\000k}{subsection.6.11.3}% 192
\BOOKMARK [3][-]{subsubsection.6.11.3.3}{\376\377\0006\000.\0001\0001\000.\0003\000.\0003\000\040\000F\000o\000r\000m\000L\000o\000g\000i\000n\000\137\000L\000o\000a\000d}{subsection.6.11.3}% 193
\BOOKMARK [3][-]{subsubsection.6.11.3.4}{\376\377\0006\000.\0001\0001\000.\0003\000.\0004\000\040\000t\000b\000P\000a\000s\000s\000w\000o\000r\000d\000\137\000K\000e\000y\000P\000r\000e\000s\000s}{subsection.6.11.3}% 194
\BOOKMARK [3][-]{subsubsection.6.11.3.5}{\376\377\0006\000.\0001\0001\000.\0003\000.\0005\000\040\000t\000b\000U\000s\000e\000r\000n\000a\000m\000e\000\137\000K\000e\000y\000P\000r\000e\000s\000s}{subsection.6.11.3}% 195
\BOOKMARK [2][-]{subsection.6.11.4}{\376\377\0006\000.\0001\0001\000.\0004\000\040\000M\000e\000d\000l\000e\000m\000s\000d\000a\000t\000a\000-\000d\000o\000k\000u\000m\000e\000n\000t\000a\000s\000j\000o\000n}{section.6.11}% 196
\BOOKMARK [3][-]{subsubsection.6.11.4.1}{\376\377\0006\000.\0001\0001\000.\0004\000.\0001\000\040\000U\000s\000e\000r\000n\000a\000m\000e}{subsection.6.11.4}% 197
\BOOKMARK [1][-]{section.6.12}{\376\377\0006\000.\0001\0002\000\040\000S\000c\000i\000n\000t\000i\000l\000a\000b\000.\000F\000o\000r\000m\000M\000a\000i\000n\000\040\000K\000l\000a\000s\000s\000e\000\040\000R\000e\000f\000e\000r\000a\000n\000s\000e}{chapter.6}% 198
\BOOKMARK [2][-]{subsection.6.12.1}{\376\377\0006\000.\0001\0002\000.\0001\000\040\000D\000e\000t\000a\000l\000j\000e\000r\000t\000\040\000b\000e\000s\000k\000r\000i\000v\000e\000l\000s\000e}{section.6.12}% 199
\BOOKMARK [2][-]{subsection.6.12.2}{\376\377\0006\000.\0001\0002\000.\0002\000\040\000K\000o\000n\000s\000t\000r\000u\000k\000t\000\370\000r\000-\000\040\000\046\000\040\000d\000e\000s\000t\000r\000u\000k\000t\000\370\000r\000-\000d\000o\000k\000u\000m\000e\000n\000t\000a\000s\000j\000o\000n}{section.6.12}% 200
\BOOKMARK [3][-]{subsubsection.6.12.2.1}{\376\377\0006\000.\0001\0002\000.\0002\000.\0001\000\040\000F\000o\000r\000m\000M\000a\000i\000n}{subsection.6.12.2}% 201
\BOOKMARK [2][-]{subsection.6.12.3}{\376\377\0006\000.\0001\0002\000.\0003\000\040\000M\000e\000d\000l\000e\000m\000s\000f\000u\000n\000k\000s\000j\000o\000n\000-\000d\000o\000k\000u\000m\000e\000n\000t\000a\000s\000j\000o\000n}{section.6.12}% 202
\BOOKMARK [3][-]{subsubsection.6.12.3.1}{\376\377\0006\000.\0001\0002\000.\0003\000.\0001\000\040\000a\000d\000d\000C\000a\000l\000F\000i\000l\000e\000s\000T\000o\000S\000a\000m\000p}{subsection.6.12.3}% 203
\BOOKMARK [3][-]{subsubsection.6.12.3.2}{\376\377\0006\000.\0001\0002\000.\0003\000.\0002\000\040\000A\000p\000p\000l\000i\000c\000a\000t\000i\000o\000n\000\137\000I\000d\000l\000e}{subsection.6.12.3}% 204
\BOOKMARK [3][-]{subsubsection.6.12.3.3}{\376\377\0006\000.\0001\0002\000.\0003\000.\0003\000\040\000b\000t\000n\000A\000d\000m\000D\000e\000t\000B\000k\000g\000S\000u\000b\000\137\000C\000l\000i\000c\000k}{subsection.6.12.3}% 205
\BOOKMARK [3][-]{subsubsection.6.12.3.4}{\376\377\0006\000.\0001\0002\000.\0003\000.\0004\000\040\000b\000t\000n\000A\000d\000m\000D\000e\000t\000G\000e\000o\000m\000C\000a\000l\000A\000d\000d\000\137\000C\000l\000i\000c\000k}{subsection.6.12.3}% 206
\BOOKMARK [3][-]{subsubsection.6.12.3.5}{\376\377\0006\000.\0001\0002\000.\0003\000.\0005\000\040\000b\000t\000n\000A\000d\000m\000D\000e\000t\000G\000e\000o\000m\000C\000a\000l\000D\000e\000l\000e\000t\000e\000\137\000C\000l\000i\000c\000k}{subsection.6.12.3}% 207
\BOOKMARK [3][-]{subsubsection.6.12.3.6}{\376\377\0006\000.\0001\0002\000.\0003\000.\0006\000\040\000b\000t\000n\000A\000d\000m\000D\000e\000t\000G\000e\000o\000m\000C\000a\000l\000E\000d\000i\000t\000\137\000C\000l\000i\000c\000k}{subsection.6.12.3}% 208
\BOOKMARK [3][-]{subsubsection.6.12.3.7}{\376\377\0006\000.\0001\0002\000.\0003\000.\0007\000\040\000b\000t\000n\000A\000d\000m\000D\000e\000t\000N\000I\000D\000L\000i\000b\000\137\000C\000l\000i\000c\000k}{subsection.6.12.3}% 209
\BOOKMARK [3][-]{subsubsection.6.12.3.8}{\376\377\0006\000.\0001\0002\000.\0003\000.\0008\000\040\000b\000t\000n\000A\000d\000m\000D\000e\000t\000S\000a\000v\000e\000\137\000C\000l\000i\000c\000k}{subsection.6.12.3}% 210
\BOOKMARK [3][-]{subsubsection.6.12.3.9}{\376\377\0006\000.\0001\0002\000.\0003\000.\0009\000\040\000b\000t\000n\000A\000d\000m\000G\000e\000n\000i\000e\000F\000o\000l\000d\000e\000r\000\137\000C\000l\000i\000c\000k}{subsection.6.12.3}% 211
\BOOKMARK [3][-]{subsubsection.6.12.3.10}{\376\377\0006\000.\0001\0002\000.\0003\000.\0001\0000\000\040\000b\000t\000n\000A\000d\000m\000G\000e\000o\000m\000S\000a\000v\000e\000\137\000C\000l\000i\000c\000k}{subsection.6.12.3}% 212
\BOOKMARK [3][-]{subsubsection.6.12.3.11}{\376\377\0006\000.\0001\0002\000.\0003\000.\0001\0001\000\040\000b\000t\000n\000A\000d\000m\000G\000e\000o\000N\000e\000w\000\137\000C\000l\000i\000c\000k}{subsection.6.12.3}% 213
\BOOKMARK [3][-]{subsubsection.6.12.3.12}{\376\377\0006\000.\0001\0002\000.\0003\000.\0001\0002\000\040\000b\000t\000n\000A\000d\000m\000L\000I\000M\000S\000E\000x\000p\000o\000r\000t\000\137\000C\000l\000i\000c\000k}{subsection.6.12.3}% 214
\BOOKMARK [3][-]{subsubsection.6.12.3.13}{\376\377\0006\000.\0001\0002\000.\0003\000.\0001\0003\000\040\000b\000t\000n\000A\000d\000m\000L\000I\000M\000S\000I\000m\000p\000o\000r\000t\000\137\000C\000l\000i\000c\000k}{subsection.6.12.3}% 215
\BOOKMARK [3][-]{subsubsection.6.12.3.14}{\376\377\0006\000.\0001\0002\000.\0003\000.\0001\0004\000\040\000b\000t\000n\000A\000d\000m\000Q\000A\000N\000e\000w\000\137\000C\000l\000i\000c\000k}{subsection.6.12.3}% 216
\BOOKMARK [3][-]{subsubsection.6.12.3.15}{\376\377\0006\000.\0001\0002\000.\0003\000.\0001\0005\000\040\000b\000t\000n\000A\000d\000m\000Q\000A\000S\000a\000v\000e\000\137\000C\000l\000i\000c\000k}{subsection.6.12.3}% 217
\BOOKMARK [3][-]{subsubsection.6.12.3.16}{\376\377\0006\000.\0001\0002\000.\0003\000.\0001\0006\000\040\000b\000t\000n\000A\000d\000m\000S\000a\000v\000e\000\137\000C\000l\000i\000c\000k}{subsection.6.12.3}% 218
\BOOKMARK [3][-]{subsubsection.6.12.3.17}{\376\377\0006\000.\0001\0002\000.\0003\000.\0001\0007\000\040\000b\000t\000n\000A\000d\000m\000T\000e\000m\000p\000l\000a\000t\000e\000\137\000C\000l\000i\000c\000k}{subsection.6.12.3}% 219
\BOOKMARK [3][-]{subsubsection.6.12.3.18}{\376\377\0006\000.\0001\0002\000.\0003\000.\0001\0008\000\040\000b\000t\000n\000A\000r\000c\000h\000i\000v\000e\000C\000r\000e\000a\000t\000e\000B\000k\000g\000\137\000C\000l\000i\000c\000k}{subsection.6.12.3}% 220
\BOOKMARK [3][-]{subsubsection.6.12.3.19}{\376\377\0006\000.\0001\0002\000.\0003\000.\0001\0009\000\040\000b\000t\000n\000A\000r\000c\000h\000i\000v\000e\000P\000r\000i\000n\000t\000\137\000C\000l\000i\000c\000k}{subsection.6.12.3}% 221
\BOOKMARK [3][-]{subsubsection.6.12.3.20}{\376\377\0006\000.\0001\0002\000.\0003\000.\0002\0000\000\040\000b\000t\000n\000A\000r\000c\000h\000i\000v\000e\000R\000e\000a\000n\000a\000l\000\137\000C\000l\000i\000c\000k}{subsection.6.12.3}% 222
\BOOKMARK [3][-]{subsubsection.6.12.3.21}{\376\377\0006\000.\0001\0002\000.\0003\000.\0002\0001\000\040\000b\000t\000n\000A\000r\000c\000h\000i\000v\000e\000S\000h\000o\000w\000P\000a\000r\000a\000m\000s\000\137\000C\000l\000i\000c\000k}{subsection.6.12.3}% 223
\BOOKMARK [3][-]{subsubsection.6.12.3.22}{\376\377\0006\000.\0001\0002\000.\0003\000.\0002\0002\000\040\000b\000t\000n\000A\000r\000c\000h\000i\000v\000e\000S\000h\000o\000w\000R\000e\000p\000o\000r\000t\000\137\000C\000l\000i\000c\000k}{subsection.6.12.3}% 224
\BOOKMARK [3][-]{subsubsection.6.12.3.23}{\376\377\0006\000.\0001\0002\000.\0003\000.\0002\0003\000\040\000b\000t\000n\000A\000r\000c\000h\000i\000v\000e\000S\000h\000o\000w\000S\000p\000e\000c\000t\000r\000u\000m\000\137\000C\000l\000i\000c\000k}{subsection.6.12.3}% 225
\BOOKMARK [3][-]{subsubsection.6.12.3.24}{\376\377\0006\000.\0001\0002\000.\0003\000.\0002\0004\000\040\000b\000t\000n\000B\000a\000c\000k\000\137\000C\000l\000i\000c\000k}{subsection.6.12.3}% 226
\BOOKMARK [3][-]{subsubsection.6.12.3.25}{\376\377\0006\000.\0001\0002\000.\0003\000.\0002\0005\000\040\000b\000t\000n\000J\000o\000b\000O\000p\000e\000n\000S\000p\000e\000c\000t\000r\000u\000m\000\137\000C\000l\000i\000c\000k}{subsection.6.12.3}% 227
\BOOKMARK [3][-]{subsubsection.6.12.3.26}{\376\377\0006\000.\0001\0002\000.\0003\000.\0002\0006\000\040\000b\000t\000n\000J\000o\000b\000S\000h\000o\000w\000\137\000C\000l\000i\000c\000k}{subsection.6.12.3}% 228
\BOOKMARK [3][-]{subsubsection.6.12.3.27}{\376\377\0006\000.\0001\0002\000.\0003\000.\0002\0007\000\040\000b\000t\000n\000J\000o\000b\000s\000S\000h\000o\000w\000O\000u\000t\000p\000u\000t\000\137\000C\000l\000i\000c\000k}{subsection.6.12.3}% 229
\BOOKMARK [3][-]{subsubsection.6.12.3.28}{\376\377\0006\000.\0001\0002\000.\0003\000.\0002\0008\000\040\000b\000t\000n\000M\000e\000n\000u\000A\000r\000c\000h\000i\000v\000e\000\137\000C\000l\000i\000c\000k}{subsection.6.12.3}% 230
\BOOKMARK [3][-]{subsubsection.6.12.3.29}{\376\377\0006\000.\0001\0002\000.\0003\000.\0002\0009\000\040\000b\000t\000n\000M\000e\000n\000u\000J\000o\000b\000s\000\137\000C\000l\000i\000c\000k}{subsection.6.12.3}% 231
\BOOKMARK [3][-]{subsubsection.6.12.3.30}{\376\377\0006\000.\0001\0002\000.\0003\000.\0003\0000\000\040\000b\000t\000n\000M\000e\000n\000u\000S\000a\000m\000p\000l\000e\000\137\000C\000l\000i\000c\000k}{subsection.6.12.3}% 232
\BOOKMARK [3][-]{subsubsection.6.12.3.31}{\376\377\0006\000.\0001\0002\000.\0003\000.\0003\0001\000\040\000b\000t\000n\000O\000p\000e\000n\000Q\000A\000P\000l\000o\000t\000\137\000C\000l\000i\000c\000k}{subsection.6.12.3}% 233
\BOOKMARK [3][-]{subsubsection.6.12.3.32}{\376\377\0006\000.\0001\0002\000.\0003\000.\0003\0002\000\040\000b\000t\000n\000S\000a\000m\000p\000A\000n\000a\000l\000B\000k\000g\000S\000u\000b\000\137\000C\000l\000i\000c\000k}{subsection.6.12.3}% 234
\BOOKMARK [3][-]{subsubsection.6.12.3.33}{\376\377\0006\000.\0001\0002\000.\0003\000.\0003\0003\000\040\000b\000t\000n\000S\000a\000m\000p\000A\000n\000a\000l\000N\000I\000D\000L\000i\000b\000\137\000C\000l\000i\000c\000k}{subsection.6.12.3}% 235
\BOOKMARK [3][-]{subsubsection.6.12.3.34}{\376\377\0006\000.\0001\0002\000.\0003\000.\0003\0004\000\040\000b\000t\000n\000S\000a\000m\000p\000R\000e\000a\000d\000B\000a\000r\000c\000o\000d\000e\000\137\000C\000l\000i\000c\000k}{subsection.6.12.3}% 236
\BOOKMARK [3][-]{subsubsection.6.12.3.35}{\376\377\0006\000.\0001\0002\000.\0003\000.\0003\0005\000\040\000b\000t\000n\000S\000a\000m\000p\000S\000t\000a\000r\000t\000\137\000C\000l\000i\000c\000k}{subsection.6.12.3}% 237
\BOOKMARK [3][-]{subsubsection.6.12.3.36}{\376\377\0006\000.\0001\0002\000.\0003\000.\0003\0006\000\040\000c\000b\000o\000x\000S\000a\000m\000p\000G\000e\000o\000m\000\137\000S\000e\000l\000e\000c\000t\000e\000d\000I\000n\000d\000e\000x\000C\000h\000a\000n\000g\000e\000d}{subsection.6.12.3}% 238
\BOOKMARK [3][-]{subsubsection.6.12.3.37}{\376\377\0006\000.\0001\0002\000.\0003\000.\0003\0007\000\040\000c\000h\000e\000c\000k\000F\000o\000r\000E\000r\000r\000o\000r\000s}{subsection.6.12.3}% 239
\BOOKMARK [3][-]{subsubsection.6.12.3.38}{\376\377\0006\000.\0001\0002\000.\0003\000.\0003\0008\000\040\000c\000h\000e\000c\000k\000V\000a\000l\000i\000d\000D\000e\000c\000i\000m\000a\000l}{subsection.6.12.3}% 240
\BOOKMARK [3][-]{subsubsection.6.12.3.39}{\376\377\0006\000.\0001\0002\000.\0003\000.\0003\0009\000\040\000c\000h\000e\000c\000k\000V\000a\000l\000i\000d\000I\000n\000t\000e\000g\000e\000r}{subsection.6.12.3}% 241
\BOOKMARK [3][-]{subsubsection.6.12.3.40}{\376\377\0006\000.\0001\0002\000.\0003\000.\0004\0000\000\040\000c\000l\000e\000a\000r\000A\000d\000m\000B\000e\000a\000k\000e\000r\000s}{subsection.6.12.3}% 242
\BOOKMARK [3][-]{subsubsection.6.12.3.41}{\376\377\0006\000.\0001\0002\000.\0003\000.\0004\0001\000\040\000c\000l\000e\000a\000r\000A\000d\000m\000D\000e\000t\000e\000c\000t\000o\000r\000s}{subsection.6.12.3}% 243
\BOOKMARK [3][-]{subsubsection.6.12.3.42}{\376\377\0006\000.\0001\0002\000.\0003\000.\0004\0002\000\040\000c\000l\000e\000a\000r\000A\000d\000m\000Q\000A\000B\000e\000a\000k\000e\000r\000s}{subsection.6.12.3}% 244
\BOOKMARK [3][-]{subsubsection.6.12.3.43}{\376\377\0006\000.\0001\0002\000.\0003\000.\0004\0003\000\040\000c\000l\000e\000a\000r\000S\000a\000m\000p\000P\000a\000r\000a\000m\000s}{subsection.6.12.3}% 245
\BOOKMARK [3][-]{subsubsection.6.12.3.44}{\376\377\0006\000.\0001\0002\000.\0003\000.\0004\0004\000\040\000D\000e\000c\000i\000m\000a\000l\000\137\000K\000e\000y\000P\000r\000e\000s\000s}{subsection.6.12.3}% 246
\BOOKMARK [3][-]{subsubsection.6.12.3.45}{\376\377\0006\000.\0001\0002\000.\0003\000.\0004\0005\000\040\000D\000e\000t\000e\000c\000t\000o\000r\000H\000a\000s\000J\000o\000b}{subsection.6.12.3}% 247
\BOOKMARK [3][-]{subsubsection.6.12.3.46}{\376\377\0006\000.\0001\0002\000.\0003\000.\0004\0006\000\040\000F\000o\000r\000m\000M\000a\000i\000n\000\137\000L\000o\000a\000d}{subsection.6.12.3}% 248
\BOOKMARK [3][-]{subsubsection.6.12.3.47}{\376\377\0006\000.\0001\0002\000.\0003\000.\0004\0007\000\040\000G\000e\000n\000e\000r\000a\000t\000e\000B\000a\000t\000F\000r\000o\000m\000P\000a\000r\000a\000m\000s}{subsection.6.12.3}% 249
\BOOKMARK [3][-]{subsubsection.6.12.3.48}{\376\377\0006\000.\0001\0002\000.\0003\000.\0004\0008\000\040\000G\000e\000n\000e\000r\000a\000t\000e\000R\000e\000a\000n\000a\000l\000B\000a\000t\000F\000r\000o\000m\000P\000a\000r\000a\000m\000s}{subsection.6.12.3}% 250
\BOOKMARK [3][-]{subsubsection.6.12.3.49}{\376\377\0006\000.\0001\0002\000.\0003\000.\0004\0009\000\040\000g\000e\000t\000B\000e\000a\000k\000e\000r\000B\000y\000N\000a\000m\000e}{subsection.6.12.3}% 251
\BOOKMARK [3][-]{subsubsection.6.12.3.50}{\376\377\0006\000.\0001\0002\000.\0003\000.\0005\0000\000\040\000g\000e\000t\000D\000e\000t\000e\000c\000t\000o\000r\000B\000y\000N\000a\000m\000e}{subsection.6.12.3}% 252
\BOOKMARK [3][-]{subsubsection.6.12.3.51}{\376\377\0006\000.\0001\0002\000.\0003\000.\0005\0001\000\040\000g\000e\000t\000F\000i\000l\000e}{subsection.6.12.3}% 253
\BOOKMARK [3][-]{subsubsection.6.12.3.52}{\376\377\0006\000.\0001\0002\000.\0003\000.\0005\0002\000\040\000g\000e\000t\000F\000o\000l\000d\000e\000r}{subsection.6.12.3}% 254
\BOOKMARK [3][-]{subsubsection.6.12.3.53}{\376\377\0006\000.\0001\0002\000.\0003\000.\0005\0003\000\040\000g\000e\000t\000Q\000A\000B\000e\000a\000k\000e\000r\000B\000y\000N\000a\000m\000e}{subsection.6.12.3}% 255
\BOOKMARK [3][-]{subsubsection.6.12.3.54}{\376\377\0006\000.\0001\0002\000.\0003\000.\0005\0004\000\040\000g\000e\000t\000Q\000A\000B\000o\000x\000F\000r\000o\000m\000D\000e\000t\000e\000c\000t\000o\000r}{subsection.6.12.3}% 256
\BOOKMARK [3][-]{subsubsection.6.12.3.55}{\376\377\0006\000.\0001\0002\000.\0003\000.\0005\0005\000\040\000I\000n\000t\000e\000g\000e\000r\000\137\000K\000e\000y\000P\000r\000e\000s\000s}{subsection.6.12.3}% 257
\BOOKMARK [3][-]{subsubsection.6.12.3.56}{\376\377\0006\000.\0001\0002\000.\0003\000.\0005\0006\000\040\000l\000b\000A\000d\000m\000D\000e\000t\000L\000i\000s\000t\000\137\000S\000e\000l\000e\000c\000t\000e\000d\000I\000n\000d\000e\000x\000C\000h\000a\000n\000g\000e\000d}{subsection.6.12.3}% 258
\BOOKMARK [3][-]{subsubsection.6.12.3.57}{\376\377\0006\000.\0001\0002\000.\0003\000.\0005\0007\000\040\000l\000b\000A\000d\000m\000G\000e\000o\000m\000L\000i\000s\000t\000\137\000S\000e\000l\000e\000c\000t\000e\000d\000I\000n\000d\000e\000x\000C\000h\000a\000n\000g\000e\000d}{subsection.6.12.3}% 259
\BOOKMARK [3][-]{subsubsection.6.12.3.58}{\376\377\0006\000.\0001\0002\000.\0003\000.\0005\0008\000\040\000l\000b\000A\000d\000m\000Q\000A\000L\000i\000s\000t\000\137\000S\000e\000l\000e\000c\000t\000e\000d\000I\000n\000d\000e\000x\000C\000h\000a\000n\000g\000e\000d}{subsection.6.12.3}% 260
\BOOKMARK [3][-]{subsubsection.6.12.3.59}{\376\377\0006\000.\0001\0002\000.\0003\000.\0005\0009\000\040\000L\000o\000o\000k\000u\000p\000N\000e\000w\000D\000e\000t\000e\000c\000t\000o\000r\000s}{subsection.6.12.3}% 261
\BOOKMARK [3][-]{subsubsection.6.12.3.60}{\376\377\0006\000.\0001\0002\000.\0003\000.\0006\0000\000\040\000l\000v\000D\000e\000t\000e\000c\000t\000o\000r\000s\000\137\000S\000e\000l\000e\000c\000t\000e\000d\000I\000n\000d\000e\000x\000C\000h\000a\000n\000g\000e\000d}{subsection.6.12.3}% 262
\BOOKMARK [3][-]{subsubsection.6.12.3.61}{\376\377\0006\000.\0001\0002\000.\0003\000.\0006\0001\000\040\000M\000e\000n\000u\000I\000t\000e\000m\000A\000d\000m\000i\000n\000\137\000C\000l\000i\000c\000k}{subsection.6.12.3}% 263
\BOOKMARK [3][-]{subsubsection.6.12.3.62}{\376\377\0006\000.\0001\0002\000.\0003\000.\0006\0002\000\040\000M\000e\000n\000u\000I\000t\000e\000m\000E\000x\000i\000t\000\137\000C\000l\000i\000c\000k}{subsection.6.12.3}% 264
\BOOKMARK [3][-]{subsubsection.6.12.3.63}{\376\377\0006\000.\0001\0002\000.\0003\000.\0006\0003\000\040\000M\000e\000n\000u\000I\000t\000e\000m\000L\000o\000g\000o\000u\000t\000\137\000C\000l\000i\000c\000k}{subsection.6.12.3}% 265
\BOOKMARK [3][-]{subsubsection.6.12.3.64}{\376\377\0006\000.\0001\0002\000.\0003\000.\0006\0004\000\040\000O\000n\000J\000o\000b\000s\000C\000h\000a\000n\000g\000e\000d}{subsection.6.12.3}% 266
\BOOKMARK [3][-]{subsubsection.6.12.3.65}{\376\377\0006\000.\0001\0002\000.\0003\000.\0006\0005\000\040\000p\000o\000p\000u\000l\000a\000t\000e\000S\000a\000m\000p\000G\000e\000o\000m}{subsection.6.12.3}% 267
\BOOKMARK [3][-]{subsubsection.6.12.3.66}{\376\377\0006\000.\0001\0002\000.\0003\000.\0006\0006\000\040\000p\000o\000p\000u\000l\000a\000t\000e\000S\000a\000m\000p\000G\000e\000o\000m\000W\000i\000t\000h\000Q\000A}{subsection.6.12.3}% 268
\BOOKMARK [3][-]{subsubsection.6.12.3.67}{\376\377\0006\000.\0001\0002\000.\0003\000.\0006\0007\000\040\000p\000o\000p\000u\000l\000a\000t\000e\000S\000a\000m\000p\000l\000e\000F\000r\000o\000m\000F\000i\000l\000e}{subsection.6.12.3}% 269
\BOOKMARK [3][-]{subsubsection.6.12.3.68}{\376\377\0006\000.\0001\0002\000.\0003\000.\0006\0008\000\040\000p\000o\000p\000u\000l\000a\000t\000e\000S\000a\000m\000p\000l\000e\000V\000i\000e\000w}{subsection.6.12.3}% 270
\BOOKMARK [3][-]{subsubsection.6.12.3.69}{\376\377\0006\000.\0001\0002\000.\0003\000.\0006\0009\000\040\000S\000e\000t\000S\000a\000m\000p\000l\000e\000F\000i\000e\000l\000d\000s\000S\000t\000a\000t\000u\000s}{subsection.6.12.3}% 271
\BOOKMARK [3][-]{subsubsection.6.12.3.70}{\376\377\0006\000.\0001\0002\000.\0003\000.\0007\0000\000\040\000t\000a\000b\000s\000\137\000S\000e\000l\000e\000c\000t\000e\000d\000I\000n\000d\000e\000x\000C\000h\000a\000n\000g\000e\000d}{subsection.6.12.3}% 272
\BOOKMARK [3][-]{subsubsection.6.12.3.71}{\376\377\0006\000.\0001\0002\000.\0003\000.\0007\0001\000\040\000t\000v\000A\000r\000c\000h\000i\000v\000e\000\137\000A\000f\000t\000e\000r\000S\000e\000l\000e\000c\000t}{subsection.6.12.3}% 273
\BOOKMARK [3][-]{subsubsection.6.12.3.72}{\376\377\0006\000.\0001\0002\000.\0003\000.\0007\0002\000\040\000U\000p\000d\000a\000t\000e\000D\000e\000t\000e\000c\000t\000o\000r\000L\000i\000s\000t\000s}{subsection.6.12.3}% 274
\BOOKMARK [3][-]{subsubsection.6.12.3.73}{\376\377\0006\000.\0001\0002\000.\0003\000.\0007\0003\000\040\000u\000p\000d\000a\000t\000e\000G\000r\000i\000d\000J\000o\000b\000s}{subsection.6.12.3}% 275
\BOOKMARK [2][-]{subsection.6.12.4}{\376\377\0006\000.\0001\0002\000.\0004\000\040\000M\000e\000d\000l\000e\000m\000s\000d\000a\000t\000a\000-\000d\000o\000k\000u\000m\000e\000n\000t\000a\000s\000j\000o\000n}{section.6.12}% 276
\BOOKMARK [3][-]{subsubsection.6.12.4.1}{\376\377\0006\000.\0001\0002\000.\0004\000.\0001\000\040\000B\000e\000a\000k\000e\000r\000s}{subsection.6.12.4}% 277
\BOOKMARK [3][-]{subsubsection.6.12.4.2}{\376\377\0006\000.\0001\0002\000.\0004\000.\0002\000\040\000D\000e\000t\000e\000c\000t\000o\000r\000s}{subsection.6.12.4}% 278
\BOOKMARK [3][-]{subsubsection.6.12.4.3}{\376\377\0006\000.\0001\0002\000.\0004\000.\0003\000\040\000i\000s\000R\000e\000a\000n\000a\000l}{subsection.6.12.4}% 279
\BOOKMARK [3][-]{subsubsection.6.12.4.4}{\376\377\0006\000.\0001\0002\000.\0004\000.\0004\000\040\000Q\000A\000B\000e\000a\000k\000e\000r\000s}{subsection.6.12.4}% 280
\BOOKMARK [3][-]{subsubsection.6.12.4.5}{\376\377\0006\000.\0001\0002\000.\0004\000.\0005\000\040\000S\000e\000l\000I\000n\000f\000o}{subsection.6.12.4}% 281
\BOOKMARK [3][-]{subsubsection.6.12.4.6}{\376\377\0006\000.\0001\0002\000.\0004\000.\0006\000\040\000S\000y\000s\000P\000a\000r}{subsection.6.12.4}% 282
\BOOKMARK [3][-]{subsubsection.6.12.4.7}{\376\377\0006\000.\0001\0002\000.\0004\000.\0007\000\040\000u\000p\000d\000a\000t\000e\000J\000o\000b\000s}{subsection.6.12.4}% 283
\BOOKMARK [3][-]{subsubsection.6.12.4.8}{\376\377\0006\000.\0001\0002\000.\0004\000.\0008\000\040\000w\000a\000t\000c\000h\000e\000r}{subsection.6.12.4}% 284
\BOOKMARK [1][-]{section.6.13}{\376\377\0006\000.\0001\0003\000\040\000S\000c\000i\000n\000t\000i\000l\000a\000b\000.\000F\000o\000r\000m\000Q\000u\000i\000c\000k\000V\000i\000e\000w\000\040\000K\000l\000a\000s\000s\000e\000\040\000R\000e\000f\000e\000r\000a\000n\000s\000e}{chapter.6}% 285
\BOOKMARK [2][-]{subsection.6.13.1}{\376\377\0006\000.\0001\0003\000.\0001\000\040\000D\000e\000t\000a\000l\000j\000e\000r\000t\000\040\000b\000e\000s\000k\000r\000i\000v\000e\000l\000s\000e}{section.6.13}% 286
\BOOKMARK [2][-]{subsection.6.13.2}{\376\377\0006\000.\0001\0003\000.\0002\000\040\000K\000o\000n\000s\000t\000r\000u\000k\000t\000\370\000r\000-\000\040\000\046\000\040\000d\000e\000s\000t\000r\000u\000k\000t\000\370\000r\000-\000d\000o\000k\000u\000m\000e\000n\000t\000a\000s\000j\000o\000n}{section.6.13}% 287
\BOOKMARK [3][-]{subsubsection.6.13.2.1}{\376\377\0006\000.\0001\0003\000.\0002\000.\0001\000\040\000F\000o\000r\000m\000Q\000u\000i\000c\000k\000V\000i\000e\000w}{subsection.6.13.2}% 288
\BOOKMARK [2][-]{subsection.6.13.3}{\376\377\0006\000.\0001\0003\000.\0003\000\040\000M\000e\000d\000l\000e\000m\000s\000f\000u\000n\000k\000s\000j\000o\000n\000-\000d\000o\000k\000u\000m\000e\000n\000t\000a\000s\000j\000o\000n}{section.6.13}% 289
\BOOKMARK [3][-]{subsubsection.6.13.3.1}{\376\377\0006\000.\0001\0003\000.\0003\000.\0001\000\040\000b\000t\000n\000C\000l\000o\000s\000e\000\137\000C\000l\000i\000c\000k}{subsection.6.13.3}% 290
\BOOKMARK [3][-]{subsubsection.6.13.3.2}{\376\377\0006\000.\0001\0003\000.\0003\000.\0002\000\040\000b\000t\000n\000P\000r\000i\000n\000t\000\137\000C\000l\000i\000c\000k}{subsection.6.13.3}% 291
\BOOKMARK [1][-]{section.6.14}{\376\377\0006\000.\0001\0004\000\040\000S\000c\000i\000n\000t\000i\000l\000a\000b\000.\000J\000o\000b\000P\000a\000r\000a\000m\000s\000\040\000K\000l\000a\000s\000s\000e\000\040\000R\000e\000f\000e\000r\000a\000n\000s\000e}{chapter.6}% 292
\BOOKMARK [2][-]{subsection.6.14.1}{\376\377\0006\000.\0001\0004\000.\0001\000\040\000D\000e\000t\000a\000l\000j\000e\000r\000t\000\040\000b\000e\000s\000k\000r\000i\000v\000e\000l\000s\000e}{section.6.14}% 293
\BOOKMARK [2][-]{subsection.6.14.2}{\376\377\0006\000.\0001\0004\000.\0002\000\040\000M\000e\000d\000l\000e\000m\000s\000d\000a\000t\000a\000-\000d\000o\000k\000u\000m\000e\000n\000t\000a\000s\000j\000o\000n}{section.6.14}% 294
\BOOKMARK [3][-]{subsubsection.6.14.2.1}{\376\377\0006\000.\0001\0004\000.\0002\000.\0001\000\040\000B\000a\000c\000k\000g\000r\000o\000u\000n\000d\000S\000u\000b\000t\000r\000a\000c\000t\000F\000i\000l\000e}{subsection.6.14.2}% 295
\BOOKMARK [3][-]{subsubsection.6.14.2.2}{\376\377\0006\000.\0001\0004\000.\0002\000.\0002\000\040\000B\000u\000i\000l\000d\000u\000p\000E\000n\000d\000D\000a\000t\000e}{subsection.6.14.2}% 296
\BOOKMARK [3][-]{subsubsection.6.14.2.3}{\376\377\0006\000.\0001\0004\000.\0002\000.\0003\000\040\000B\000u\000i\000l\000d\000u\000p\000S\000t\000a\000r\000t\000D\000a\000t\000e}{subsection.6.14.2}% 297
\BOOKMARK [3][-]{subsubsection.6.14.2.4}{\376\377\0006\000.\0001\0004\000.\0002\000.\0004\000\040\000B\000u\000i\000l\000d\000u\000p\000T\000y\000p\000e}{subsection.6.14.2}% 298
\BOOKMARK [3][-]{subsubsection.6.14.2.5}{\376\377\0006\000.\0001\0004\000.\0002\000.\0005\000\040\000C\000a\000l\000i\000b\000r\000a\000t\000i\000o\000n\000F\000i\000l\000e}{subsection.6.14.2}% 299
\BOOKMARK [3][-]{subsubsection.6.14.2.6}{\376\377\0006\000.\0001\0004\000.\0002\000.\0006\000\040\000C\000o\000l\000l\000e\000c\000t\000o\000r\000N\000a\000m\000e}{subsection.6.14.2}% 300
\BOOKMARK [3][-]{subsubsection.6.14.2.7}{\376\377\0006\000.\0001\0004\000.\0002\000.\0007\000\040\000C\000o\000m\000m\000e\000n\000t}{subsection.6.14.2}% 301
\BOOKMARK [3][-]{subsubsection.6.14.2.8}{\376\377\0006\000.\0001\0004\000.\0002\000.\0008\000\040\000C\000o\000n\000t\000i\000n\000u\000u\000m}{subsection.6.14.2}% 302
\BOOKMARK [3][-]{subsubsection.6.14.2.9}{\376\377\0006\000.\0001\0004\000.\0002\000.\0009\000\040\000C\000o\000n\000t\000i\000n\000u\000u\000m\000F\000u\000n\000c\000t\000i\000o\000n}{subsection.6.14.2}% 303
\BOOKMARK [3][-]{subsubsection.6.14.2.10}{\376\377\0006\000.\0001\0004\000.\0002\000.\0001\0000\000\040\000C\000r\000i\000t\000i\000c\000a\000l\000L\000e\000v\000e\000l}{subsection.6.14.2}% 304
\BOOKMARK [3][-]{subsubsection.6.14.2.11}{\376\377\0006\000.\0001\0004\000.\0002\000.\0001\0001\000\040\000D\000e\000s\000c\000r\000i\000p\000t\000i\000o\000n}{subsection.6.14.2}% 305
\BOOKMARK [3][-]{subsubsection.6.14.2.12}{\376\377\0006\000.\0001\0004\000.\0002\000.\0001\0002\000\040\000D\000e\000t\000e\000c\000t\000o\000r\000N\000a\000m\000e}{subsection.6.14.2}% 306
\BOOKMARK [3][-]{subsubsection.6.14.2.13}{\376\377\0006\000.\0001\0004\000.\0002\000.\0001\0003\000\040\000D\000i\000s\000p\000l\000a\000y\000R\000O\000I\000s}{subsection.6.14.2}% 307
\BOOKMARK [3][-]{subsubsection.6.14.2.14}{\376\377\0006\000.\0001\0004\000.\0002\000.\0001\0004\000\040\000E\000f\000f\000i\000c\000i\000e\000n\000c\000y\000C\000a\000l\000i\000b\000r\000a\000t\000i\000o\000n\000T\000y\000p\000e}{subsection.6.14.2}% 308
\BOOKMARK [3][-]{subsubsection.6.14.2.15}{\376\377\0006\000.\0001\0004\000.\0002\000.\0001\0005\000\040\000F\000i\000t\000S\000i\000n\000g\000l\000e\000t\000s}{subsection.6.14.2}% 309
\BOOKMARK [3][-]{subsubsection.6.14.2.16}{\376\377\0006\000.\0001\0004\000.\0002\000.\0001\0006\000\040\000G\000e\000o\000m\000e\000t\000r\000y}{subsection.6.14.2}% 310
\BOOKMARK [3][-]{subsubsection.6.14.2.17}{\376\377\0006\000.\0001\0004\000.\0002\000.\0001\0007\000\040\000I\000n\000h\000i\000b\000i\000t\000A\000T\000D\000C\000o\000r\000r\000e\000c\000t\000i\000o\000n}{subsection.6.14.2}% 311
\BOOKMARK [3][-]{subsubsection.6.14.2.18}{\376\377\0006\000.\0001\0004\000.\0002\000.\0001\0008\000\040\000M\000a\000x\000F\000W\000H\000M\000S\000B\000e\000t\000w\000e\000e\000n\000P\000e\000a\000k\000s}{subsection.6.14.2}% 312
\BOOKMARK [3][-]{subsubsection.6.14.2.19}{\376\377\0006\000.\0001\0004\000.\0002\000.\0001\0009\000\040\000M\000a\000x\000F\000W\000H\000M\000S\000F\000o\000r\000L\000e\000f\000t\000L\000i\000m\000i\000t}{subsection.6.14.2}% 313
\BOOKMARK [3][-]{subsubsection.6.14.2.20}{\376\377\0006\000.\0001\0004\000.\0002\000.\0002\0000\000\040\000M\000a\000x\000F\000W\000H\000M\000S\000F\000o\000r\000R\000i\000g\000h\000t\000L\000i\000m\000i\000t}{subsection.6.14.2}% 314
\BOOKMARK [3][-]{subsubsection.6.14.2.21}{\376\377\0006\000.\0001\0004\000.\0002\000.\0002\0001\000\040\000M\000D\000A\000C\000o\000n\000f\000i\000d\000e\000n\000c\000e\000F\000a\000c\000t\000o\000r}{subsection.6.14.2}% 315
\BOOKMARK [3][-]{subsubsection.6.14.2.22}{\376\377\0006\000.\0001\0004\000.\0002\000.\0002\0002\000\040\000N\000I\000D\000C\000o\000n\000f\000i\000d\000e\000n\000c\000e\000T\000h\000r\000e\000s\000h\000o\000l\000d}{subsection.6.14.2}% 316
\BOOKMARK [3][-]{subsubsection.6.14.2.23}{\376\377\0006\000.\0001\0004\000.\0002\000.\0002\0003\000\040\000N\000I\000D\000L\000i\000b\000r\000a\000r\000y\000F\000i\000l\000e}{subsection.6.14.2}% 317
\BOOKMARK [3][-]{subsubsection.6.14.2.24}{\376\377\0006\000.\0001\0004\000.\0002\000.\0002\0004\000\040\000O\000p\000e\000r\000a\000t\000i\000o\000n}{subsection.6.14.2}% 318
\BOOKMARK [3][-]{subsubsection.6.14.2.25}{\376\377\0006\000.\0001\0004\000.\0002\000.\0002\0005\000\040\000O\000r\000d\000e\000r\000N\000a\000m\000e}{subsection.6.14.2}% 319
\BOOKMARK [3][-]{subsubsection.6.14.2.26}{\376\377\0006\000.\0001\0004\000.\0002\000.\0002\0006\000\040\000P\000e\000a\000k\000A\000r\000e\000a\000R\000e\000g\000i\000o\000n\000F\000r\000o\000m}{subsection.6.14.2}% 320
\BOOKMARK [3][-]{subsubsection.6.14.2.27}{\376\377\0006\000.\0001\0004\000.\0002\000.\0002\0007\000\040\000P\000e\000a\000k\000A\000r\000e\000a\000R\000e\000g\000i\000o\000n\000T\000o}{subsection.6.14.2}% 321
\BOOKMARK [3][-]{subsubsection.6.14.2.28}{\376\377\0006\000.\0001\0004\000.\0002\000.\0002\0008\000\040\000P\000e\000r\000f\000o\000r\000m\000M\000D\000A\000T\000e\000s\000t}{subsection.6.14.2}% 322
\BOOKMARK [3][-]{subsubsection.6.14.2.29}{\376\377\0006\000.\0001\0004\000.\0002\000.\0002\0009\000\040\000P\000r\000e\000s\000e\000t\000C\000o\000u\000n\000t}{subsection.6.14.2}% 323
\BOOKMARK [3][-]{subsubsection.6.14.2.30}{\376\377\0006\000.\0001\0004\000.\0002\000.\0003\0000\000\040\000P\000r\000e\000s\000e\000t\000C\000o\000u\000n\000t\000C\000h\000a\000n\000F\000r\000o\000m}{subsection.6.14.2}% 324
\BOOKMARK [3][-]{subsubsection.6.14.2.31}{\376\377\0006\000.\0001\0004\000.\0002\000.\0003\0001\000\040\000P\000r\000e\000s\000e\000t\000C\000o\000u\000n\000t\000C\000h\000a\000n\000T\000o}{subsection.6.14.2}% 325
\BOOKMARK [3][-]{subsubsection.6.14.2.32}{\376\377\0006\000.\0001\0004\000.\0002\000.\0003\0002\000\040\000P\000r\000e\000s\000e\000t\000C\000o\000u\000n\000t\000V\000a\000l\000u\000e}{subsection.6.14.2}% 326
\BOOKMARK [3][-]{subsubsection.6.14.2.33}{\376\377\0006\000.\0001\0004\000.\0002\000.\0003\0003\000\040\000P\000r\000e\000s\000e\000t\000T\000i\000m\000e}{subsection.6.14.2}% 327
\BOOKMARK [3][-]{subsubsection.6.14.2.34}{\376\377\0006\000.\0001\0004\000.\0002\000.\0003\0004\000\040\000P\000r\000e\000s\000e\000t\000T\000i\000m\000e\000U\000n\000i\000t}{subsection.6.14.2}% 328
\BOOKMARK [3][-]{subsubsection.6.14.2.35}{\376\377\0006\000.\0001\0004\000.\0002\000.\0003\0005\000\040\000P\000r\000e\000s\000e\000t\000T\000i\000m\000e\000V\000a\000l\000u\000e}{subsection.6.14.2}% 329
\BOOKMARK [3][-]{subsubsection.6.14.2.36}{\376\377\0006\000.\0001\0004\000.\0002\000.\0003\0006\000\040\000R\000a\000n\000d\000o\000m\000E\000r\000r\000o\000r}{subsection.6.14.2}% 330
\BOOKMARK [3][-]{subsubsection.6.14.2.37}{\376\377\0006\000.\0001\0004\000.\0002\000.\0003\0007\000\040\000R\000e\000j\000e\000c\000t\000Z\000e\000r\000o\000A\000r\000e\000a\000P\000e\000a\000k\000s}{subsection.6.14.2}% 331
\BOOKMARK [3][-]{subsubsection.6.14.2.38}{\376\377\0006\000.\0001\0004\000.\0002\000.\0003\0008\000\040\000R\000e\000p\000o\000r\000t\000S\000e\000c\000t\000i\000o\000n}{subsection.6.14.2}% 332
\BOOKMARK [3][-]{subsubsection.6.14.2.39}{\376\377\0006\000.\0001\0004\000.\0002\000.\0003\0009\000\040\000R\000e\000p\000o\000r\000t\000T\000e\000m\000p\000l\000a\000t\000e\000F\000i\000l\000e}{subsection.6.14.2}% 333
\BOOKMARK [3][-]{subsubsection.6.14.2.40}{\376\377\0006\000.\0001\0004\000.\0002\000.\0004\0000\000\040\000R\000u\000n\000E\000r\000r\000o\000r}{subsection.6.14.2}% 334
\BOOKMARK [3][-]{subsubsection.6.14.2.41}{\376\377\0006\000.\0001\0004\000.\0002\000.\0004\0001\000\040\000S\000a\000m\000p\000l\000e\000I\000D}{subsection.6.14.2}% 335
\BOOKMARK [3][-]{subsubsection.6.14.2.42}{\376\377\0006\000.\0001\0004\000.\0002\000.\0004\0002\000\040\000S\000a\000m\000p\000l\000e\000Q\000u\000a\000n\000t\000i\000t\000y}{subsection.6.14.2}% 336
\BOOKMARK [3][-]{subsubsection.6.14.2.43}{\376\377\0006\000.\0001\0004\000.\0002\000.\0004\0003\000\040\000S\000a\000m\000p\000l\000e\000Q\000u\000a\000n\000t\000i\000t\000y\000E\000r\000r\000o\000r}{subsection.6.14.2}% 337
\BOOKMARK [3][-]{subsubsection.6.14.2.44}{\376\377\0006\000.\0001\0004\000.\0002\000.\0004\0004\000\040\000S\000a\000m\000p\000l\000e\000Q\000u\000a\000n\000t\000i\000t\000y\000U\000n\000i\000t}{subsection.6.14.2}% 338
\BOOKMARK [3][-]{subsubsection.6.14.2.45}{\376\377\0006\000.\0001\0004\000.\0002\000.\0004\0005\000\040\000S\000a\000m\000p\000l\000e\000T\000y\000p\000e}{subsection.6.14.2}% 339
\BOOKMARK [3][-]{subsubsection.6.14.2.46}{\376\377\0006\000.\0001\0004\000.\0002\000.\0004\0006\000\040\000S\000e\000a\000r\000c\000h\000R\000e\000g\000i\000o\000n\000F\000r\000o\000m}{subsection.6.14.2}% 340
\BOOKMARK [3][-]{subsubsection.6.14.2.47}{\376\377\0006\000.\0001\0004\000.\0002\000.\0004\0007\000\040\000S\000e\000a\000r\000c\000h\000R\000e\000g\000i\000o\000n\000T\000o}{subsection.6.14.2}% 341
\BOOKMARK [3][-]{subsubsection.6.14.2.48}{\376\377\0006\000.\0001\0004\000.\0002\000.\0004\0008\000\040\000S\000i\000g\000m\000a}{subsection.6.14.2}% 342
\BOOKMARK [3][-]{subsubsection.6.14.2.49}{\376\377\0006\000.\0001\0004\000.\0002\000.\0004\0009\000\040\000S\000i\000g\000n\000i\000f\000i\000c\000a\000n\000c\000e\000T\000h\000r\000e\000s\000h\000o\000l\000d}{subsection.6.14.2}% 343
\BOOKMARK [3][-]{subsubsection.6.14.2.50}{\376\377\0006\000.\0001\0004\000.\0002\000.\0005\0000\000\040\000S\000p\000e\000c\000R\000e\000f}{subsection.6.14.2}% 344
\BOOKMARK [3][-]{subsubsection.6.14.2.51}{\376\377\0006\000.\0001\0004\000.\0002\000.\0005\0001\000\040\000S\000p\000e\000c\000t\000r\000u\000m\000D\000a\000t\000e}{subsection.6.14.2}% 345
\BOOKMARK [3][-]{subsubsection.6.14.2.52}{\376\377\0006\000.\0001\0004\000.\0002\000.\0005\0002\000\040\000S\000y\000s\000t\000e\000m\000a\000t\000i\000c\000E\000r\000r\000o\000r}{subsection.6.14.2}% 346
\BOOKMARK [3][-]{subsubsection.6.14.2.53}{\376\377\0006\000.\0001\0004\000.\0002\000.\0005\0003\000\040\000T\000o\000l\000e\000r\000a\000n\000c\000e}{subsection.6.14.2}% 347
\BOOKMARK [3][-]{subsubsection.6.14.2.54}{\376\377\0006\000.\0001\0004\000.\0002\000.\0005\0004\000\040\000U\000s\000e\000F\000i\000x\000e\000d\000F\000W\000H\000M}{subsection.6.14.2}% 348
\BOOKMARK [3][-]{subsubsection.6.14.2.55}{\376\377\0006\000.\0001\0004\000.\0002\000.\0005\0005\000\040\000U\000s\000e\000F\000i\000x\000e\000d\000T\000a\000i\000l\000P\000a\000r\000a\000m\000e\000t\000e\000r}{subsection.6.14.2}% 349
\BOOKMARK [3][-]{subsubsection.6.14.2.56}{\376\377\0006\000.\0001\0004\000.\0002\000.\0005\0006\000\040\000U\000s\000e\000S\000t\000o\000r\000e\000d\000L\000i\000b\000r\000a\000r\000y}{subsection.6.14.2}% 350
\BOOKMARK [1][-]{section.6.15}{\376\377\0006\000.\0001\0005\000\040\000S\000c\000i\000n\000t\000i\000l\000a\000b\000.\000M\000e\000d\000i\000a\000\040\000K\000l\000a\000s\000s\000e\000\040\000R\000e\000f\000e\000r\000a\000n\000s\000e}{chapter.6}% 351
\BOOKMARK [2][-]{subsection.6.15.1}{\376\377\0006\000.\0001\0005\000.\0001\000\040\000D\000e\000t\000a\000l\000j\000e\000r\000t\000\040\000b\000e\000s\000k\000r\000i\000v\000e\000l\000s\000e}{section.6.15}% 352
\BOOKMARK [2][-]{subsection.6.15.2}{\376\377\0006\000.\0001\0005\000.\0002\000\040\000M\000e\000d\000l\000e\000m\000s\000f\000u\000n\000k\000s\000j\000o\000n\000-\000d\000o\000k\000u\000m\000e\000n\000t\000a\000s\000j\000o\000n}{section.6.15}% 353
\BOOKMARK [3][-]{subsubsection.6.15.2.1}{\376\377\0006\000.\0001\0005\000.\0002\000.\0001\000\040\000P\000l\000a\000y\000W\000a\000v}{subsection.6.15.2}% 354
\BOOKMARK [2][-]{subsection.6.15.3}{\376\377\0006\000.\0001\0005\000.\0003\000\040\000M\000e\000d\000l\000e\000m\000s\000d\000a\000t\000a\000-\000d\000o\000k\000u\000m\000e\000n\000t\000a\000s\000j\000o\000n}{section.6.15}% 355
\BOOKMARK [3][-]{subsubsection.6.15.3.1}{\376\377\0006\000.\0001\0005\000.\0003\000.\0001\000\040\000p\000l\000a\000y\000e\000r}{subsection.6.15.3}% 356
\BOOKMARK [1][-]{section.6.16}{\376\377\0006\000.\0001\0006\000\040\000M\000u\000l\000t\000i\000p\000a\000d\000P\000r\000i\000n\000t\000D\000o\000c\000u\000m\000e\000n\000t\000\040\000K\000l\000a\000s\000s\000e\000\040\000R\000e\000f\000e\000r\000a\000n\000s\000e}{chapter.6}% 357
\BOOKMARK [2][-]{subsection.6.16.1}{\376\377\0006\000.\0001\0006\000.\0001\000\040\000D\000e\000t\000a\000l\000j\000e\000r\000t\000\040\000b\000e\000s\000k\000r\000i\000v\000e\000l\000s\000e}{section.6.16}% 358
\BOOKMARK [2][-]{subsection.6.16.2}{\376\377\0006\000.\0001\0006\000.\0002\000\040\000K\000o\000n\000s\000t\000r\000u\000k\000t\000\370\000r\000-\000\040\000\046\000\040\000d\000e\000s\000t\000r\000u\000k\000t\000\370\000r\000-\000d\000o\000k\000u\000m\000e\000n\000t\000a\000s\000j\000o\000n}{section.6.16}% 359
\BOOKMARK [3][-]{subsubsection.6.16.2.1}{\376\377\0006\000.\0001\0006\000.\0002\000.\0001\000\040\000M\000u\000l\000t\000i\000p\000a\000d\000P\000r\000i\000n\000t\000D\000o\000c\000u\000m\000e\000n\000t}{subsection.6.16.2}% 360
\BOOKMARK [2][-]{subsection.6.16.3}{\376\377\0006\000.\0001\0006\000.\0003\000\040\000M\000e\000d\000l\000e\000m\000s\000f\000u\000n\000k\000s\000j\000o\000n\000-\000d\000o\000k\000u\000m\000e\000n\000t\000a\000s\000j\000o\000n}{section.6.16}% 361
\BOOKMARK [3][-]{subsubsection.6.16.3.1}{\376\377\0006\000.\0001\0006\000.\0003\000.\0001\000\040\000N\000e\000x\000t\000C\000h\000a\000r}{subsection.6.16.3}% 362
\BOOKMARK [3][-]{subsubsection.6.16.3.2}{\376\377\0006\000.\0001\0006\000.\0003\000.\0002\000\040\000N\000e\000x\000t\000C\000h\000a\000r\000I\000s\000N\000e\000w\000L\000i\000n\000e}{subsection.6.16.3}% 363
\BOOKMARK [3][-]{subsubsection.6.16.3.3}{\376\377\0006\000.\0001\0006\000.\0003\000.\0003\000\040\000O\000n\000B\000e\000g\000i\000n\000P\000r\000i\000n\000t}{subsection.6.16.3}% 364
\BOOKMARK [3][-]{subsubsection.6.16.3.4}{\376\377\0006\000.\0001\0006\000.\0003\000.\0004\000\040\000O\000n\000E\000n\000d\000P\000r\000i\000n\000t}{subsection.6.16.3}% 365
\BOOKMARK [3][-]{subsubsection.6.16.3.5}{\376\377\0006\000.\0001\0006\000.\0003\000.\0005\000\040\000O\000n\000P\000r\000i\000n\000t\000P\000a\000g\000e}{subsection.6.16.3}% 366
\BOOKMARK [2][-]{subsection.6.16.4}{\376\377\0006\000.\0001\0006\000.\0004\000\040\000M\000e\000d\000l\000e\000m\000s\000d\000a\000t\000a\000-\000d\000o\000k\000u\000m\000e\000n\000t\000a\000s\000j\000o\000n}{section.6.16}% 367
\BOOKMARK [3][-]{subsubsection.6.16.4.1}{\376\377\0006\000.\0001\0006\000.\0004\000.\0001\000\040\000\137\000f\000o\000n\000t}{subsection.6.16.4}% 368
\BOOKMARK [3][-]{subsubsection.6.16.4.2}{\376\377\0006\000.\0001\0006\000.\0004\000.\0002\000\040\000\137\000o\000f\000f\000s\000e\000t}{subsection.6.16.4}% 369
\BOOKMARK [3][-]{subsubsection.6.16.4.3}{\376\377\0006\000.\0001\0006\000.\0004\000.\0003\000\040\000\137\000p\000a\000g\000e\000n\000o}{subsection.6.16.4}% 370
\BOOKMARK [3][-]{subsubsection.6.16.4.4}{\376\377\0006\000.\0001\0006\000.\0004\000.\0004\000\040\000\137\000t\000e\000x\000t}{subsection.6.16.4}% 371
\BOOKMARK [3][-]{subsubsection.6.16.4.5}{\376\377\0006\000.\0001\0006\000.\0004\000.\0005\000\040\000E\000o\000s}{subsection.6.16.4}% 372
\BOOKMARK [3][-]{subsubsection.6.16.4.6}{\376\377\0006\000.\0001\0006\000.\0004\000.\0006\000\040\000N\000e\000w\000L\000i\000n\000e}{subsection.6.16.4}% 373
\BOOKMARK [2][-]{subsection.6.16.5}{\376\377\0006\000.\0001\0006\000.\0005\000\040\000E\000g\000e\000n\000s\000k\000a\000p\000s\000-\000d\000o\000k\000u\000m\000e\000n\000t\000a\000s\000j\000o\000n}{section.6.16}% 374
\BOOKMARK [3][-]{subsubsection.6.16.5.1}{\376\377\0006\000.\0001\0006\000.\0005\000.\0001\000\040\000F\000o\000n\000t}{subsection.6.16.5}% 375
\BOOKMARK [3][-]{subsubsection.6.16.5.2}{\376\377\0006\000.\0001\0006\000.\0005\000.\0002\000\040\000T\000e\000x\000t}{subsection.6.16.5}% 376
\BOOKMARK [1][-]{section.6.17}{\376\377\0006\000.\0001\0007\000\040\000S\000c\000i\000n\000t\000i\000l\000a\000b\000.\000Q\000A\000B\000e\000a\000k\000e\000r\000\040\000K\000l\000a\000s\000s\000e\000\040\000R\000e\000f\000e\000r\000a\000n\000s\000e}{chapter.6}% 377
\BOOKMARK [2][-]{subsection.6.17.1}{\376\377\0006\000.\0001\0007\000.\0001\000\040\000D\000e\000t\000a\000l\000j\000e\000r\000t\000\040\000b\000e\000s\000k\000r\000i\000v\000e\000l\000s\000e}{section.6.17}% 378
\BOOKMARK [2][-]{subsection.6.17.2}{\376\377\0006\000.\0001\0007\000.\0002\000\040\000M\000e\000d\000l\000e\000m\000s\000d\000a\000t\000a\000-\000d\000o\000k\000u\000m\000e\000n\000t\000a\000s\000j\000o\000n}{section.6.17}% 379
\BOOKMARK [3][-]{subsubsection.6.17.2.1}{\376\377\0006\000.\0001\0007\000.\0002\000.\0001\000\040\000B\000e\000a\000k\000e\000r\000N\000a\000m\000e}{subsection.6.17.2}% 380
\BOOKMARK [3][-]{subsubsection.6.17.2.2}{\376\377\0006\000.\0001\0007\000.\0002\000.\0002\000\040\000I\000n\000U\000s\000e}{subsection.6.17.2}% 381
\BOOKMARK [3][-]{subsubsection.6.17.2.3}{\376\377\0006\000.\0001\0007\000.\0002\000.\0003\000\040\000N\000a\000m\000e}{subsection.6.17.2}% 382
\BOOKMARK [3][-]{subsubsection.6.17.2.4}{\376\377\0006\000.\0001\0007\000.\0002\000.\0004\000\040\000R\000e\000f\000D\000a\000t\000e}{subsection.6.17.2}% 383
\BOOKMARK [3][-]{subsubsection.6.17.2.5}{\376\377\0006\000.\0001\0007\000.\0002\000.\0005\000\040\000S\000a\000m\000p\000l\000e\000Q\000u\000a\000n\000t\000i\000t\000y}{subsection.6.17.2}% 384
\BOOKMARK [3][-]{subsubsection.6.17.2.6}{\376\377\0006\000.\0001\0007\000.\0002\000.\0006\000\040\000S\000a\000m\000p\000l\000e\000T\000y\000p\000e}{subsection.6.17.2}% 385
\BOOKMARK [3][-]{subsubsection.6.17.2.7}{\376\377\0006\000.\0001\0007\000.\0002\000.\0007\000\040\000U\000n\000c\000e\000r\000t\000a\000i\000n\000t\000y}{subsection.6.17.2}% 386
\BOOKMARK [3][-]{subsubsection.6.17.2.8}{\376\377\0006\000.\0001\0007\000.\0002\000.\0008\000\040\000U\000n\000i\000t}{subsection.6.17.2}% 387
\BOOKMARK [1][-]{section.6.18}{\376\377\0006\000.\0001\0008\000\040\000S\000c\000i\000n\000t\000i\000l\000a\000b\000.\000S\000e\000l\000e\000c\000t\000i\000o\000n\000I\000n\000f\000o\000\040\000K\000l\000a\000s\000s\000e\000\040\000R\000e\000f\000e\000r\000a\000n\000s\000e}{chapter.6}% 388
\BOOKMARK [2][-]{subsection.6.18.1}{\376\377\0006\000.\0001\0008\000.\0001\000\040\000D\000e\000t\000a\000l\000j\000e\000r\000t\000\040\000b\000e\000s\000k\000r\000i\000v\000e\000l\000s\000e}{section.6.18}% 389
\BOOKMARK [2][-]{subsection.6.18.2}{\376\377\0006\000.\0001\0008\000.\0002\000\040\000M\000e\000d\000l\000e\000m\000s\000f\000u\000n\000k\000s\000j\000o\000n\000-\000d\000o\000k\000u\000m\000e\000n\000t\000a\000s\000j\000o\000n}{section.6.18}% 390
\BOOKMARK [3][-]{subsubsection.6.18.2.1}{\376\377\0006\000.\0001\0008\000.\0002\000.\0001\000\040\000I\000n\000i\000t}{subsection.6.18.2}% 391
\BOOKMARK [2][-]{subsection.6.18.3}{\376\377\0006\000.\0001\0008\000.\0003\000\040\000M\000e\000d\000l\000e\000m\000s\000d\000a\000t\000a\000-\000d\000o\000k\000u\000m\000e\000n\000t\000a\000s\000j\000o\000n}{section.6.18}% 392
\BOOKMARK [3][-]{subsubsection.6.18.3.1}{\376\377\0006\000.\0001\0008\000.\0003\000.\0001\000\040\000A\000l\000l\000B\000e\000a\000k\000e\000r\000s}{subsection.6.18.3}% 393
\BOOKMARK [3][-]{subsubsection.6.18.3.2}{\376\377\0006\000.\0001\0008\000.\0003\000.\0002\000\040\000A\000l\000l\000D\000e\000t\000e\000c\000t\000o\000r\000s}{subsection.6.18.3}% 394
\BOOKMARK [3][-]{subsubsection.6.18.3.3}{\376\377\0006\000.\0001\0008\000.\0003\000.\0003\000\040\000A\000l\000l\000Q\000A\000B\000e\000a\000k\000e\000r\000s}{subsection.6.18.3}% 395
\BOOKMARK [3][-]{subsubsection.6.18.3.4}{\376\377\0006\000.\0001\0008\000.\0003\000.\0004\000\040\000A\000n\000a\000l\000T\000y\000p\000e}{subsection.6.18.3}% 396
\BOOKMARK [3][-]{subsubsection.6.18.3.5}{\376\377\0006\000.\0001\0008\000.\0003\000.\0005\000\040\000D\000o\000S\000t\000a\000r\000t}{subsection.6.18.3}% 397
\BOOKMARK [3][-]{subsubsection.6.18.3.6}{\376\377\0006\000.\0001\0008\000.\0003\000.\0006\000\040\000I\000s\000W\000i\000z\000a\000r\000d}{subsection.6.18.3}% 398
\BOOKMARK [3][-]{subsubsection.6.18.3.7}{\376\377\0006\000.\0001\0008\000.\0003\000.\0007\000\040\000S\000e\000l\000e\000c\000t\000e\000d\000B\000e\000a\000k\000e\000r\000I\000n\000f\000o}{subsection.6.18.3}% 399
\BOOKMARK [3][-]{subsubsection.6.18.3.8}{\376\377\0006\000.\0001\0008\000.\0003\000.\0008\000\040\000S\000e\000l\000e\000c\000t\000e\000d\000D\000e\000t\000e\000c\000t\000o\000r}{subsection.6.18.3}% 400
\BOOKMARK [3][-]{subsubsection.6.18.3.9}{\376\377\0006\000.\0001\0008\000.\0003\000.\0009\000\040\000S\000e\000l\000e\000c\000t\000e\000d\000L\000I\000M\000S\000F\000i\000l\000e}{subsection.6.18.3}% 401
\BOOKMARK [3][-]{subsubsection.6.18.3.10}{\376\377\0006\000.\0001\0008\000.\0003\000.\0001\0000\000\040\000S\000y\000s\000P\000a\000r}{subsection.6.18.3}% 402
\BOOKMARK [1][-]{section.6.19}{\376\377\0006\000.\0001\0009\000\040\000S\000c\000i\000n\000t\000i\000l\000a\000b\000.\000S\000y\000s\000t\000e\000m\000P\000a\000r\000a\000m\000e\000t\000e\000r\000s\000\040\000K\000l\000a\000s\000s\000e\000\040\000R\000e\000f\000e\000r\000a\000n\000s\000e}{chapter.6}% 403
\BOOKMARK [2][-]{subsection.6.19.1}{\376\377\0006\000.\0001\0009\000.\0001\000\040\000D\000e\000t\000a\000l\000j\000e\000r\000t\000\040\000b\000e\000s\000k\000r\000i\000v\000e\000l\000s\000e}{section.6.19}% 404
\BOOKMARK [2][-]{subsection.6.19.2}{\376\377\0006\000.\0001\0009\000.\0002\000\040\000M\000e\000d\000l\000e\000m\000s\000d\000a\000t\000a\000-\000d\000o\000k\000u\000m\000e\000n\000t\000a\000s\000j\000o\000n}{section.6.19}% 405
\BOOKMARK [3][-]{subsubsection.6.19.2.1}{\376\377\0006\000.\0001\0009\000.\0002\000.\0001\000\040\000E\000r\000r\000o\000r\000M\000u\000l\000t\000i\000p\000l\000i\000e\000r}{subsection.6.19.2}% 406
\BOOKMARK [3][-]{subsubsection.6.19.2.2}{\376\377\0006\000.\0001\0009\000.\0002\000.\0002\000\040\000G\000e\000n\000i\000e\000D\000i\000r\000e\000c\000t\000o\000r\000y}{subsection.6.19.2}% 407
\BOOKMARK [3][-]{subsubsection.6.19.2.3}{\376\377\0006\000.\0001\0009\000.\0002\000.\0003\000\040\000L\000i\000m\000s\000E\000x\000p\000o\000r\000t}{subsection.6.19.2}% 408
\BOOKMARK [3][-]{subsubsection.6.19.2.4}{\376\377\0006\000.\0001\0009\000.\0002\000.\0004\000\040\000L\000i\000m\000s\000I\000m\000p\000o\000r\000t}{subsection.6.19.2}% 409
\BOOKMARK [3][-]{subsubsection.6.19.2.5}{\376\377\0006\000.\0001\0009\000.\0002\000.\0005\000\040\000R\000e\000p\000o\000r\000t\000S\000c\000a\000l\000e\000X}{subsection.6.19.2}% 410
\BOOKMARK [3][-]{subsubsection.6.19.2.6}{\376\377\0006\000.\0001\0009\000.\0002\000.\0006\000\040\000R\000e\000p\000o\000r\000t\000S\000c\000a\000l\000e\000Y}{subsection.6.19.2}% 411
\BOOKMARK [3][-]{subsubsection.6.19.2.7}{\376\377\0006\000.\0001\0009\000.\0002\000.\0007\000\040\000R\000e\000p\000o\000r\000t\000S\000e\000c\000t\000i\000o\000n}{subsection.6.19.2}% 412
\BOOKMARK [3][-]{subsubsection.6.19.2.8}{\376\377\0006\000.\0001\0009\000.\0002\000.\0008\000\040\000R\000e\000p\000o\000r\000t\000T\000e\000m\000p\000l\000a\000t\000e}{subsection.6.19.2}% 413
\BOOKMARK [1][-]{section.6.20}{\376\377\0006\000.\0002\0000\000\040\000S\000c\000i\000n\000t\000i\000l\000a\000b\000.\000U\000t\000i\000l\000s\000\040\000K\000l\000a\000s\000s\000e\000\040\000R\000e\000f\000e\000r\000a\000n\000s\000e}{chapter.6}% 414
\BOOKMARK [2][-]{subsection.6.20.1}{\376\377\0006\000.\0002\0000\000.\0001\000\040\000D\000e\000t\000a\000l\000j\000e\000r\000t\000\040\000b\000e\000s\000k\000r\000i\000v\000e\000l\000s\000e}{section.6.20}% 415
\BOOKMARK [2][-]{subsection.6.20.2}{\376\377\0006\000.\0002\0000\000.\0002\000\040\000M\000e\000d\000l\000e\000m\000s\000f\000u\000n\000k\000s\000j\000o\000n\000-\000d\000o\000k\000u\000m\000e\000n\000t\000a\000s\000j\000o\000n}{section.6.20}% 416
\BOOKMARK [3][-]{subsubsection.6.20.2.1}{\376\377\0006\000.\0002\0000\000.\0002\000.\0001\000\040\000C\000o\000n\000v\000e\000r\000t\000T\000o\000D\000o\000u\000b\000l\000e}{subsection.6.20.2}% 417
\BOOKMARK [3][-]{subsubsection.6.20.2.2}{\376\377\0006\000.\0002\0000\000.\0002\000.\0002\000\040\000D\000e\000s\000e\000r\000i\000a\000l\000i\000z\000e\000B\000e\000a\000k\000e\000r\000s}{subsection.6.20.2}% 418
\BOOKMARK [3][-]{subsubsection.6.20.2.3}{\376\377\0006\000.\0002\0000\000.\0002\000.\0003\000\040\000D\000e\000s\000e\000r\000i\000a\000l\000i\000z\000e\000D\000e\000t\000e\000c\000t\000o\000r\000s}{subsection.6.20.2}% 419
\BOOKMARK [3][-]{subsubsection.6.20.2.4}{\376\377\0006\000.\0002\0000\000.\0002\000.\0004\000\040\000D\000e\000s\000e\000r\000i\000a\000l\000i\000z\000e\000J\000o\000b\000P\000a\000r\000a\000m\000s}{subsection.6.20.2}% 420
\BOOKMARK [3][-]{subsubsection.6.20.2.5}{\376\377\0006\000.\0002\0000\000.\0002\000.\0005\000\040\000D\000e\000s\000e\000r\000i\000a\000l\000i\000z\000e\000Q\000A\000B\000e\000a\000k\000e\000r\000s}{subsection.6.20.2}% 421
\BOOKMARK [3][-]{subsubsection.6.20.2.6}{\376\377\0006\000.\0002\0000\000.\0002\000.\0006\000\040\000D\000e\000s\000e\000r\000i\000a\000l\000i\000z\000e\000S\000y\000s\000P\000a\000r}{subsection.6.20.2}% 422
\BOOKMARK [3][-]{subsubsection.6.20.2.7}{\376\377\0006\000.\0002\0000\000.\0002\000.\0007\000\040\000F\000i\000x\000D\000i\000r\000e\000c\000t\000o\000r\000y\000S\000e\000p\000a\000r\000a\000t\000o\000r}{subsection.6.20.2}% 423
\BOOKMARK [3][-]{subsubsection.6.20.2.8}{\376\377\0006\000.\0002\0000\000.\0002\000.\0008\000\040\000H\000a\000s\000J\000o\000b}{subsection.6.20.2}% 424
\BOOKMARK [3][-]{subsubsection.6.20.2.9}{\376\377\0006\000.\0002\0000\000.\0002\000.\0009\000\040\000I\000s\000D\000e\000t\000e\000c\000t\000o\000r\000R\000e\000a\000d\000y}{subsection.6.20.2}% 425
\BOOKMARK [3][-]{subsubsection.6.20.2.10}{\376\377\0006\000.\0002\0000\000.\0002\000.\0001\0000\000\040\000R\000u\000n\000C\000o\000m\000m\000a\000n\000d}{subsection.6.20.2}% 426
\BOOKMARK [3][-]{subsubsection.6.20.2.11}{\376\377\0006\000.\0002\0000\000.\0002\000.\0001\0001\000\040\000S\000e\000r\000i\000a\000l\000i\000z\000e\000B\000e\000a\000k\000e\000r\000s}{subsection.6.20.2}% 427
\BOOKMARK [3][-]{subsubsection.6.20.2.12}{\376\377\0006\000.\0002\0000\000.\0002\000.\0001\0002\000\040\000S\000e\000r\000i\000a\000l\000i\000z\000e\000D\000e\000t\000e\000c\000t\000o\000r\000s}{subsection.6.20.2}% 428
\BOOKMARK [3][-]{subsubsection.6.20.2.13}{\376\377\0006\000.\0002\0000\000.\0002\000.\0001\0003\000\040\000S\000e\000r\000i\000a\000l\000i\000z\000e\000J\000o\000b\000P\000a\000r\000a\000m\000s}{subsection.6.20.2}% 429
\BOOKMARK [3][-]{subsubsection.6.20.2.14}{\376\377\0006\000.\0002\0000\000.\0002\000.\0001\0004\000\040\000S\000e\000r\000i\000a\000l\000i\000z\000e\000Q\000A\000B\000e\000a\000k\000e\000r\000s}{subsection.6.20.2}% 430
\BOOKMARK [3][-]{subsubsection.6.20.2.15}{\376\377\0006\000.\0002\0000\000.\0002\000.\0001\0005\000\040\000S\000e\000r\000i\000a\000l\000i\000z\000e\000S\000y\000s\000P\000a\000r}{subsection.6.20.2}% 431
\BOOKMARK [3][-]{subsubsection.6.20.2.16}{\376\377\0006\000.\0002\0000\000.\0002\000.\0001\0006\000\040\000V\000a\000l\000i\000d\000a\000t\000e\000G\000e\000n\000i\000e\000P\000a\000t\000h}{subsection.6.20.2}% 432
\BOOKMARK [3][-]{subsubsection.6.20.2.17}{\376\377\0006\000.\0002\0000\000.\0002\000.\0001\0007\000\040\000V\000a\000l\000i\000d\000N\000a\000m\000e}{subsection.6.20.2}% 433
\BOOKMARK [0][-]{chapter.7}{\376\377\0007\000\040\000F\000i\000l\000d\000o\000k\000u\000m\000e\000n\000t\000a\000s\000j\000o\000n}{}% 434
\BOOKMARK [1][-]{section.7.1}{\376\377\0007\000.\0001\000\040\000C\000o\000n\000f\000i\000g\000.\000c\000s\000\040\000f\000i\000l\000r\000e\000f\000e\000r\000a\000n\000s\000e}{chapter.7}% 435
\BOOKMARK [2][-]{subsection.7.1.1}{\376\377\0007\000.\0001\000.\0001\000\040\000D\000e\000t\000a\000l\000j\000e\000r\000t\000\040\000b\000e\000s\000k\000r\000i\000v\000e\000l\000s\000e}{section.7.1}% 436
\BOOKMARK [1][-]{section.7.2}{\376\377\0007\000.\0002\000\040\000F\000o\000r\000m\000B\000a\000r\000c\000o\000d\000e\000S\000a\000m\000p\000l\000e\000.\000c\000s\000\040\000f\000i\000l\000r\000e\000f\000e\000r\000a\000n\000s\000e}{chapter.7}% 437
\BOOKMARK [1][-]{section.7.3}{\376\377\0007\000.\0003\000\040\000F\000o\000r\000m\000B\000a\000r\000c\000o\000d\000e\000S\000a\000m\000p\000l\000e\000W\000i\000z\000a\000r\000d\000.\000c\000s\000\040\000f\000i\000l\000r\000e\000f\000e\000r\000a\000n\000s\000e}{chapter.7}% 438
\BOOKMARK [1][-]{section.7.4}{\376\377\0007\000.\0004\000\040\000F\000o\000r\000m\000C\000r\000e\000a\000t\000e\000G\000e\000o\000m\000C\000a\000l\000Q\000A\000.\000c\000s\000\040\000f\000i\000l\000r\000e\000f\000e\000r\000a\000n\000s\000e}{chapter.7}% 439
\BOOKMARK [1][-]{section.7.5}{\376\377\0007\000.\0005\000\040\000F\000o\000r\000m\000E\000d\000i\000t\000G\000e\000o\000m\000C\000a\000l\000Q\000A\000.\000c\000s\000\040\000f\000i\000l\000r\000e\000f\000e\000r\000a\000n\000s\000e}{chapter.7}% 440
\BOOKMARK [1][-]{section.7.6}{\376\377\0007\000.\0006\000\040\000F\000o\000r\000m\000I\000n\000p\000u\000t\000N\000a\000m\000e\000.\000c\000s\000\040\000f\000i\000l\000r\000e\000f\000e\000r\000a\000n\000s\000e}{chapter.7}% 441
\BOOKMARK [1][-]{section.7.7}{\376\377\0007\000.\0007\000\040\000F\000o\000r\000m\000J\000o\000b\000R\000e\000p\000o\000r\000t\000.\000c\000s\000\040\000f\000i\000l\000r\000e\000f\000e\000r\000a\000n\000s\000e}{chapter.7}% 442
\BOOKMARK [1][-]{section.7.8}{\376\377\0007\000.\0008\000\040\000F\000o\000r\000m\000L\000o\000g\000i\000n\000.\000c\000s\000\040\000f\000i\000l\000r\000e\000f\000e\000r\000a\000n\000s\000e}{chapter.7}% 443
\BOOKMARK [1][-]{section.7.9}{\376\377\0007\000.\0009\000\040\000F\000o\000r\000m\000M\000a\000i\000n\000.\000c\000s\000\040\000f\000i\000l\000r\000e\000f\000e\000r\000a\000n\000s\000e}{chapter.7}% 444
\BOOKMARK [1][-]{section.7.10}{\376\377\0007\000.\0001\0000\000\040\000F\000o\000r\000m\000Q\000u\000i\000c\000k\000V\000i\000e\000w\000.\000c\000s\000\040\000f\000i\000l\000r\000e\000f\000e\000r\000a\000n\000s\000e}{chapter.7}% 445
\BOOKMARK [1][-]{section.7.11}{\376\377\0007\000.\0001\0001\000\040\000M\000u\000l\000t\000i\000p\000a\000d\000P\000r\000i\000n\000t\000D\000o\000c\000u\000m\000e\000n\000t\000.\000c\000s\000\040\000f\000i\000l\000r\000e\000f\000e\000r\000a\000n\000s\000e}{chapter.7}% 446
\BOOKMARK [1][-]{section.7.12}{\376\377\0007\000.\0001\0002\000\040\000P\000r\000o\000g\000r\000a\000m\000.\000c\000s\000\040\000f\000i\000l\000r\000e\000f\000e\000r\000a\000n\000s\000e}{chapter.7}% 447
\BOOKMARK [1][-]{section.7.13}{\376\377\0007\000.\0001\0003\000\040\000T\000y\000p\000e\000s\000.\000c\000s\000\040\000f\000i\000l\000r\000e\000f\000e\000r\000a\000n\000s\000e}{chapter.7}% 448
\BOOKMARK [1][-]{section.7.14}{\376\377\0007\000.\0001\0004\000\040\000U\000t\000i\000l\000s\000.\000c\000s\000\040\000f\000i\000l\000r\000e\000f\000e\000r\000a\000n\000s\000e}{chapter.7}% 449
\BOOKMARK [2][-]{subsection.7.14.1}{\376\377\0007\000.\0001\0004\000.\0001\000\040\000D\000e\000t\000a\000l\000j\000e\000r\000t\000\040\000b\000e\000s\000k\000r\000i\000v\000e\000l\000s\000e}{section.7.14}% 450
